Log file open, 04/01/22 00:16:28
LogWindows: Failed to load 'aqProf.dll' (GetLastError=126)
LogWindows: File 'aqProf.dll' does not exist
LogWindows: Failed to load 'VtuneApi.dll' (GetLastError=126)
LogWindows: File 'VtuneApi.dll' does not exist
LogWindows: Failed to load 'VtuneApi32e.dll' (GetLastError=126)
LogWindows: File 'VtuneApi32e.dll' does not exist
LogConsoleResponse: Display: Failed to find resolution value strings in scalability ini. Falling back to default.
LogConsoleResponse: Display: Failed to find resolution value strings in scalability ini. Falling back to default.
LogInit: Display: Running engine for game: StemmingTheDisaster
LogPlatformFile: Not using cached read wrapper
LogTaskGraph: Started task graph with 5 named threads and 23 total threads with 3 sets of task threads.
LogStats: Stats thread started at 0.262961
LogICUInternationalization: ICU TimeZone Detection - Raw Offset: -6:00, Platform Override: ''
LogInit: Display: Loading text-based GConfig....
LogPluginManager: Mounting plugin MeshPainting
LogPluginManager: Mounting plugin XGEController
LogPluginManager: Mounting plugin Paper2D
LogPluginManager: Mounting plugin LiveLink
LogPluginManager: Mounting plugin AISupport
LogPluginManager: Mounting plugin EnvironmentQueryEditor
LogPluginManager: Mounting plugin LightPropagationVolume
LogPluginManager: Mounting plugin CameraShakePreviewer
LogPluginManager: Mounting plugin AnimationSharing
LogPluginManager: Mounting plugin CodeLiteSourceCodeAccess
LogPluginManager: Mounting plugin CLionSourceCodeAccess
LogPluginManager: Mounting plugin GitSourceControl
LogPluginManager: Mounting plugin KDevelopSourceCodeAccess
LogPluginManager: Mounting plugin PixWinPlugin
LogPluginManager: Mounting plugin NullSourceCodeAccess
LogPluginManager: Mounting plugin PerforceSourceControl
LogPluginManager: Mounting plugin PlasticSourceControl
LogPluginManager: Mounting plugin PluginUtils
LogPluginManager: Mounting plugin PropertyAccessNode
LogPluginManager: Mounting plugin RiderSourceCodeAccess
LogPluginManager: Mounting plugin SubversionSourceControl
LogPluginManager: Mounting plugin UObjectPlugin
LogPluginManager: Mounting plugin TextureFormatOodle
LogPluginManager: Mounting plugin VisualStudioCodeSourceCodeAccess
LogPluginManager: Mounting plugin VisualStudioSourceCodeAccess
LogPluginManager: Mounting plugin XCodeSourceCodeAccess
LogPluginManager: Mounting plugin GameplayCameras
LogPluginManager: Mounting plugin OodleData
LogPluginManager: Mounting plugin OodleNetwork
LogPluginManager: Mounting plugin AssetManagerEditor
LogPluginManager: Mounting plugin CryptoKeys
LogPluginManager: Mounting plugin CurveEditorTools
LogPluginManager: Mounting plugin DataValidation
LogPluginManager: Mounting plugin FacialAnimation
LogPluginManager: Mounting plugin GameplayTagsEditor
LogPluginManager: Mounting plugin GeometryMode
LogPluginManager: Mounting plugin MaterialAnalyzer
LogPluginManager: Mounting plugin MacGraphicsSwitching
LogPluginManager: Mounting plugin MobileLauncherProfileWizard
LogPluginManager: Mounting plugin PluginBrowser
LogPluginManager: Mounting plugin SpeedTreeImporter
LogPluginManager: Mounting plugin Niagara
LogPluginManager: Mounting plugin AlembicImporter
LogPluginManager: Mounting plugin BackChannel
LogPluginManager: Mounting plugin AutomationUtils
LogPluginManager: Mounting plugin ChaosClothEditor
LogPluginManager: Mounting plugin ChaosCloth
LogPluginManager: Mounting plugin ChaosEditor
LogPluginManager: Mounting plugin ChaosNiagara
LogPluginManager: Mounting plugin ChaosSolverPlugin
LogPluginManager: Mounting plugin CharacterAI
LogPluginManager: Mounting plugin DatasmithContent
LogPluginManager: Mounting plugin VariantManagerContent
LogPluginManager: Mounting plugin LuminPlatformFeatures
LogPluginManager: Mounting plugin MagicLeap
LogPluginManager: Mounting plugin MagicLeapLightEstimation
LogPluginManager: Mounting plugin MagicLeapMedia
LogPluginManager: Mounting plugin MagicLeapPassableWorld
LogPluginManager: Mounting plugin MLSDK
LogPluginManager: Mounting plugin GeometryCollectionPlugin
LogPluginManager: Mounting plugin GeometryCache
LogPluginManager: Mounting plugin GeometryProcessing
LogPluginManager: Mounting plugin MotoSynth
LogPluginManager: Mounting plugin PlanarCut
LogPluginManager: Mounting plugin OpenImageDenoise
LogPluginManager: Mounting plugin PlatformCrypto
LogPluginManager: Mounting plugin ProxyLODPlugin
LogPluginManager: Mounting plugin PythonScriptPlugin
LogPluginManager: Mounting plugin AndroidMedia
LogPluginManager: Mounting plugin AvfMedia
LogPluginManager: Mounting plugin ImgMedia
LogPluginManager: Mounting plugin MediaCompositing
LogPluginManager: Mounting plugin MediaPlayerEditor
LogPluginManager: Mounting plugin WebMMedia
LogPluginManager: Mounting plugin WmfMedia
LogPluginManager: Mounting plugin SkeletalReduction
LogPluginManager: Mounting plugin TcpMessaging
LogPluginManager: Mounting plugin ActorSequence
LogPluginManager: Mounting plugin UdpMessaging
LogPluginManager: Mounting plugin MatineeToLevelSequence
LogPluginManager: Mounting plugin TemplateSequence
LogPluginManager: Mounting plugin LevelSequenceEditor
LogPluginManager: Mounting plugin OnlineSubsystem
LogPluginManager: Mounting plugin OnlineSubsystemNull
LogPluginManager: Mounting plugin OnlineSubsystemUtils
LogPluginManager: Mounting plugin ActorLayerUtilities
LogPluginManager: Mounting plugin LauncherChunkInstaller
LogPluginManager: Mounting plugin AndroidDeviceProfileSelector
LogPluginManager: Mounting plugin AndroidMoviePlayer
LogPluginManager: Mounting plugin AndroidPermission
LogPluginManager: Mounting plugin AppleImageUtils
LogPluginManager: Mounting plugin AppleMoviePlayer
LogPluginManager: Mounting plugin AssetTags
LogPluginManager: Mounting plugin ArchVisCharacter
LogPluginManager: Mounting plugin AudioCapture
LogPluginManager: Mounting plugin AudioSynesthesia
LogPluginManager: Mounting plugin CableComponent
LogPluginManager: Mounting plugin ChunkDownloader
LogPluginManager: Mounting plugin CustomMeshComponent
LogPluginManager: Mounting plugin EditableMesh
LogPluginManager: Mounting plugin ExampleDeviceProfileSelector
LogPluginManager: Mounting plugin GoogleCloudMessaging
LogPluginManager: Mounting plugin ScreenshotTools
LogPluginManager: Mounting plugin GooglePAD
LogPluginManager: Mounting plugin LinuxDeviceProfileSelector
LogPluginManager: Mounting plugin LocationServicesBPLibrary
LogPluginManager: Mounting plugin MobilePatchingUtils
LogPluginManager: Mounting plugin OpenXR
LogPluginManager: Mounting plugin OpenXREyeTracker
LogPluginManager: Mounting plugin OpenXRHandTracking
LogPluginManager: Mounting plugin PhysXVehicles
LogPluginManager: Mounting plugin PostSplashScreen
LogPluginManager: Mounting plugin ProceduralMeshComponent
LogPluginManager: Mounting plugin PropertyAccessEditor
LogPluginManager: Mounting plugin RuntimePhysXCooking
LogPluginManager: Mounting plugin SoundFields
LogPluginManager: Mounting plugin Synthesis
LogPluginManager: Mounting plugin WebMMoviePlayer
LogPluginManager: Mounting plugin SignificanceManager
LogPluginManager: Mounting plugin IOSDeviceProfileSelector
LogPluginManager: Mounting plugin WindowsMoviePlayer
LogPluginManager: Mounting plugin Takes
LogPluginManager: Mounting plugin ContentBrowserAssetDataSource
LogPluginManager: Mounting plugin ContentBrowserClassDataSource
LogPluginManager: Mounting plugin ContentBrowserFileDataSource
LogPluginManager: Mounting plugin OnlineSubsystemGooglePlay
LogPluginManager: Mounting plugin OnlineSubsystemIOS
LogPluginManager: Mounting plugin OculusVR
LogPluginManager: Mounting plugin SteamVR
PixWinPlugin: PIX capture plugin failed to initialize! Check that the process is launched from PIX.
LogInit: Using libcurl 7.55.1-DEV
LogInit:  - built for x86_64-pc-win32
LogInit:  - supports SSL with OpenSSL/1.1.1
LogInit:  - supports HTTP deflate (compression) using libz 1.2.8
LogInit:  - other features:
LogInit:      CURL_VERSION_SSL
LogInit:      CURL_VERSION_LIBZ
LogInit:      CURL_VERSION_IPV6
LogInit:      CURL_VERSION_ASYNCHDNS
LogInit:      CURL_VERSION_LARGEFILE
LogInit:      CURL_VERSION_IDN
LogInit:  CurlRequestOptions (configurable via config and command line):
LogInit:  - bVerifyPeer = true  - Libcurl will verify peer certificate
LogInit:  - bUseHttpProxy = false  - Libcurl will NOT use HTTP proxy
LogInit:  - bDontReuseConnections = false  - Libcurl will reuse connections
LogInit:  - MaxHostConnections = 16  - Libcurl will limit the number of connections to a host
LogInit:  - LocalHostAddr = Default
LogInit:  - BufferSize = 65536
LogOnline: OSS: Creating online subsystem instance for: NULL
LogInit: WinSock: version 1.1 (2.2), MaxSocks=32767, MaxUdp=65467
LogOnline: OSS: TryLoadSubsystemAndSetDefault: Loaded subsystem for module [NULL]
LogOculusPluginWrapper: OculusPlugin initialized successfully
LogHMD: Failed initializing OVRPlugin 1.59.0
LogInit: Build: ++UE4+Release-4.27-CL-18319896
LogInit: Engine Version: 4.27.2-18319896+++UE4+Release-4.27
LogInit: Compatible Engine Version: 4.27.0-17155196+++UE4+Release-4.27
LogInit: Net CL: 17155196
LogInit: OS: Windows 10 (Release 2009) (), CPU: Intel(R) Core(TM) i5-1035G1 CPU @ 1.00GHz, GPU: Intel(R) UHD Graphics
LogInit: Compiled (64-bit): Nov 30 2021 07:12:08
LogInit: Compiled with Visual C++: 19.24.28315.00
LogInit: Build Configuration: Development
LogInit: Branch Name: ++UE4+Release-4.27
LogInit: Command Line: 
LogInit: Base Directory: C:/Program Files/Epic Games/UE_4.27/Engine/Binaries/Win64/
LogInit: Allocator: TBB
LogInit: Installed Engine Build: 1
LogDevObjectVersion: Number of dev versions registered: 29
LogDevObjectVersion:   Dev-Blueprints (B0D832E4-1F89-4F0D-ACCF-7EB736FD4AA2): 10
LogDevObjectVersion:   Dev-Build (E1C64328-A22C-4D53-A36C-8E866417BD8C): 0
LogDevObjectVersion:   Dev-Core (375EC13C-06E4-48FB-B500-84F0262A717E): 4
LogDevObjectVersion:   Dev-Editor (E4B068ED-F494-42E9-A231-DA0B2E46BB41): 40
LogDevObjectVersion:   Dev-Framework (CFFC743F-43B0-4480-9391-14DF171D2073): 37
LogDevObjectVersion:   Dev-Mobile (B02B49B5-BB20-44E9-A304-32B752E40360): 3
LogDevObjectVersion:   Dev-Networking (A4E4105C-59A1-49B5-A7C5-40C4547EDFEE): 0
LogDevObjectVersion:   Dev-Online (39C831C9-5AE6-47DC-9A44-9C173E1C8E7C): 0
LogDevObjectVersion:   Dev-Physics (78F01B33-EBEA-4F98-B9B4-84EACCB95AA2): 14
LogDevObjectVersion:   Dev-Platform (6631380F-2D4D-43E0-8009-CF276956A95A): 0
LogDevObjectVersion:   Dev-Rendering (12F88B9F-8875-4AFC-A67C-D90C383ABD29): 45
LogDevObjectVersion:   Dev-Sequencer (7B5AE74C-D270-4C10-A958-57980B212A5A): 13
LogDevObjectVersion:   Dev-VR (D7296918-1DD6-4BDD-9DE2-64A83CC13884): 3
LogDevObjectVersion:   Dev-LoadTimes (C2A15278-BFE7-4AFE-6C17-90FF531DF755): 1
LogDevObjectVersion:   Private-Geometry (6EACA3D4-40EC-4CC1-B786-8BED09428FC5): 3
LogDevObjectVersion:   Dev-AnimPhys (29E575DD-E0A3-4627-9D10-D276232CDCEA): 17
LogDevObjectVersion:   Dev-Anim (AF43A65D-7FD3-4947-9873-3E8ED9C1BB05): 15
LogDevObjectVersion:   Dev-ReflectionCapture (6B266CEC-1EC7-4B8F-A30B-E4D90942FC07): 1
LogDevObjectVersion:   Dev-Automation (0DF73D61-A23F-47EA-B727-89E90C41499A): 1
LogDevObjectVersion:   FortniteMain (601D1886-AC64-4F84-AA16-D3DE0DEAC7D6): 47
LogDevObjectVersion:   FortniteRelease (E7086368-6B23-4C58-8439-1B7016265E91): 1
LogDevObjectVersion:   Dev-Enterprise (9DFFBCD6-494F-0158-E221-12823C92A888): 10
LogDevObjectVersion:   Dev-Niagara (F2AED0AC-9AFE-416F-8664-AA7FFA26D6FC): 1
LogDevObjectVersion:   Dev-Destruction (174F1F0B-B4C6-45A5-B13F-2EE8D0FB917D): 10
LogDevObjectVersion:   Dev-Physics-Ext (35F94A83-E258-406C-A318-09F59610247C): 41
LogDevObjectVersion:   Dev-PhysicsMaterial-Chaos (B68FC16E-8B1B-42E2-B453-215C058844FE): 1
LogDevObjectVersion:   Dev-CineCamera (B2E18506-4273-CFC2-A54E-F4BB758BBA07): 1
LogDevObjectVersion:   Dev-VirtualProduction (64F58936-FD1B-42BA-BA96-7289D5D0FA4E): 1
LogDevObjectVersion:   Dev-MediaFramework (6F0ED827-A609-4895-9C91-998D90180EA4): 2
LogInit: Presizing for max 25165824 objects, including 0 objects not considered by GC, pre-allocating 0 bytes for permanent pool.
LogConfig: Applying CVar settings from Section [/Script/Engine.StreamingSettings] File [C:/Users/Cameron/Pictures/Stemming-the-disaster/Saved/Config/Windows/Engine.ini]
LogConfig: Setting CVar [[s.MinBulkDataSizeForAsyncLoading:131072]]
LogConfig: Setting CVar [[s.AsyncLoadingThreadEnabled:0]]
LogConfig: Setting CVar [[s.EventDrivenLoaderEnabled:1]]
LogConfig: Setting CVar [[s.WarnIfTimeLimitExceeded:0]]
LogConfig: Setting CVar [[s.TimeLimitExceededMultiplier:1.5]]
LogConfig: Setting CVar [[s.TimeLimitExceededMinTime:0.005]]
LogConfig: Setting CVar [[s.UseBackgroundLevelStreaming:1]]
LogConfig: Setting CVar [[s.PriorityAsyncLoadingExtraTime:15.0]]
LogConfig: Setting CVar [[s.LevelStreamingActorsUpdateTimeLimit:5.0]]
LogConfig: Setting CVar [[s.PriorityLevelStreamingActorsUpdateExtraTime:5.0]]
LogConfig: Setting CVar [[s.LevelStreamingComponentsRegistrationGranularity:10]]
LogConfig: Setting CVar [[s.UnregisterComponentsTimeLimit:1.0]]
LogConfig: Setting CVar [[s.LevelStreamingComponentsUnregistrationGranularity:5]]
LogConfig: Setting CVar [[s.FlushStreamingOnExit:1]]
LogInit: Object subsystem initialized
LogConfig: Setting CVar [[con.DebugEarlyDefault:1]]
LogConfig: Setting CVar [[r.setres:1280x720]]
[2022.04.01-05.16.29:373][  0]LogConfig: Setting CVar [[r.VSync:0]]
[2022.04.01-05.16.29:373][  0]LogConfig: Setting CVar [[r.RHICmdBypass:0]]
[2022.04.01-05.16.29:373][  0]LogConfig: Applying CVar settings from Section [/Script/Engine.RendererSettings] File [C:/Users/Cameron/Pictures/Stemming-the-disaster/Saved/Config/Windows/Engine.ini]
[2022.04.01-05.16.29:373][  0]LogConfig: Setting CVar [[r.GPUCrashDebugging:0]]
[2022.04.01-05.16.29:373][  0]LogConfig: Applying CVar settings from Section [/Script/Engine.RendererOverrideSettings] File [C:/Users/Cameron/Pictures/Stemming-the-disaster/Saved/Config/Windows/Engine.ini]
[2022.04.01-05.16.29:373][  0]LogConfig: Applying CVar settings from Section [/Script/Engine.StreamingSettings] File [C:/Users/Cameron/Pictures/Stemming-the-disaster/Saved/Config/Windows/Engine.ini]
[2022.04.01-05.16.29:373][  0]LogConfig: Setting CVar [[s.MinBulkDataSizeForAsyncLoading:131072]]
[2022.04.01-05.16.29:373][  0]LogConfig: Setting CVar [[s.AsyncLoadingThreadEnabled:0]]
[2022.04.01-05.16.29:373][  0]LogConfig: Setting CVar [[s.EventDrivenLoaderEnabled:1]]
[2022.04.01-05.16.29:373][  0]LogConfig: Setting CVar [[s.WarnIfTimeLimitExceeded:0]]
[2022.04.01-05.16.29:373][  0]LogConfig: Setting CVar [[s.TimeLimitExceededMultiplier:1.5]]
[2022.04.01-05.16.29:373][  0]LogConfig: Setting CVar [[s.TimeLimitExceededMinTime:0.005]]
[2022.04.01-05.16.29:373][  0]LogConfig: Setting CVar [[s.UseBackgroundLevelStreaming:1]]
[2022.04.01-05.16.29:373][  0]LogConfig: Setting CVar [[s.PriorityAsyncLoadingExtraTime:15.0]]
[2022.04.01-05.16.29:373][  0]LogConfig: Setting CVar [[s.LevelStreamingActorsUpdateTimeLimit:5.0]]
[2022.04.01-05.16.29:373][  0]LogConfig: Setting CVar [[s.PriorityLevelStreamingActorsUpdateExtraTime:5.0]]
[2022.04.01-05.16.29:373][  0]LogConfig: Setting CVar [[s.LevelStreamingComponentsRegistrationGranularity:10]]
[2022.04.01-05.16.29:373][  0]LogConfig: Setting CVar [[s.UnregisterComponentsTimeLimit:1.0]]
[2022.04.01-05.16.29:373][  0]LogConfig: Setting CVar [[s.LevelStreamingComponentsUnregistrationGranularity:5]]
[2022.04.01-05.16.29:373][  0]LogConfig: Setting CVar [[s.FlushStreamingOnExit:1]]
[2022.04.01-05.16.29:373][  0]LogConfig: Applying CVar settings from Section [/Script/Engine.GarbageCollectionSettings] File [C:/Users/Cameron/Pictures/Stemming-the-disaster/Saved/Config/Windows/Engine.ini]
[2022.04.01-05.16.29:373][  0]LogConfig: Setting CVar [[gc.MaxObjectsNotConsideredByGC:1]]
[2022.04.01-05.16.29:373][  0]LogConfig: Setting CVar [[gc.SizeOfPermanentObjectPool:0]]
[2022.04.01-05.16.29:373][  0]LogConfig: Setting CVar [[gc.FlushStreamingOnGC:0]]
[2022.04.01-05.16.29:373][  0]LogConfig: Setting CVar [[gc.NumRetriesBeforeForcingGC:10]]
[2022.04.01-05.16.29:373][  0]LogConfig: Setting CVar [[gc.AllowParallelGC:1]]
[2022.04.01-05.16.29:373][  0]LogConfig: Setting CVar [[gc.TimeBetweenPurgingPendingKillObjects:61.1]]
[2022.04.01-05.16.29:373][  0]LogConfig: Setting CVar [[gc.MaxObjectsInEditor:25165824]]
[2022.04.01-05.16.29:373][  0]LogConfig: Setting CVar [[gc.IncrementalBeginDestroyEnabled:1]]
[2022.04.01-05.16.29:373][  0]LogConfig: Setting CVar [[gc.CreateGCClusters:1]]
[2022.04.01-05.16.29:373][  0]LogConfig: Setting CVar [[gc.MinGCClusterSize:5]]
[2022.04.01-05.16.29:373][  0]LogConfig: Setting CVar [[gc.ActorClusteringEnabled:0]]
[2022.04.01-05.16.29:373][  0]LogConfig: Setting CVar [[gc.BlueprintClusteringEnabled:0]]
[2022.04.01-05.16.29:373][  0]LogConfig: Setting CVar [[gc.UseDisregardForGCOnDedicatedServers:0]]
[2022.04.01-05.16.29:373][  0]LogConfig: Setting CVar [[gc.MultithreadedDestructionEnabled:1]]
[2022.04.01-05.16.29:373][  0]LogConfig: Applying CVar settings from Section [/Script/Engine.NetworkSettings] File [C:/Users/Cameron/Pictures/Stemming-the-disaster/Saved/Config/Windows/Engine.ini]
[2022.04.01-05.16.29:373][  0]LogConfig: Applying CVar settings from Section [/Script/UnrealEd.CookerSettings] File [C:/Users/Cameron/Pictures/Stemming-the-disaster/Saved/Config/Windows/Engine.ini]
[2022.04.01-05.16.29:377][  0]LogConfig: Applying CVar settings from Section [ViewDistanceQuality@3] File [C:/Users/Cameron/Pictures/Stemming-the-disaster/Saved/Config/Windows/Scalability.ini]
[2022.04.01-05.16.29:377][  0]LogConfig: Setting CVar [[r.SkeletalMeshLODBias:0]]
[2022.04.01-05.16.29:377][  0]LogConfig: Setting CVar [[r.ViewDistanceScale:1.0]]
[2022.04.01-05.16.29:377][  0]LogConfig: Applying CVar settings from Section [AntiAliasingQuality@3] File [C:/Users/Cameron/Pictures/Stemming-the-disaster/Saved/Config/Windows/Scalability.ini]
[2022.04.01-05.16.29:377][  0]LogConfig: Setting CVar [[r.PostProcessAAQuality:4]]
[2022.04.01-05.16.29:377][  0]LogConfig: Applying CVar settings from Section [ShadowQuality@3] File [C:/Users/Cameron/Pictures/Stemming-the-disaster/Saved/Config/Windows/Scalability.ini]
[2022.04.01-05.16.29:377][  0]LogConfig: Setting CVar [[r.LightFunctionQuality:1]]
[2022.04.01-05.16.29:377][  0]LogConfig: Setting CVar [[r.ShadowQuality:5]]
[2022.04.01-05.16.29:377][  0]LogConfig: Setting CVar [[r.Shadow.CSM.MaxCascades:10]]
[2022.04.01-05.16.29:377][  0]LogConfig: Setting CVar [[r.Shadow.MaxResolution:2048]]
[2022.04.01-05.16.29:377][  0]LogConfig: Setting CVar [[r.Shadow.MaxCSMResolution:2048]]
[2022.04.01-05.16.29:377][  0]LogConfig: Setting CVar [[r.Shadow.RadiusThreshold:0.01]]
[2022.04.01-05.16.29:377][  0]LogConfig: Setting CVar [[r.Shadow.DistanceScale:1.0]]
[2022.04.01-05.16.29:377][  0]LogConfig: Setting CVar [[r.Shadow.CSM.TransitionScale:1.0]]
[2022.04.01-05.16.29:377][  0]LogConfig: Setting CVar [[r.Shadow.PreShadowResolutionFactor:1.0]]
[2022.04.01-05.16.29:377][  0]LogConfig: Setting CVar [[r.DistanceFieldShadowing:1]]
[2022.04.01-05.16.29:377][  0]LogConfig: Setting CVar [[r.DistanceFieldAO:1]]
[2022.04.01-05.16.29:377][  0]LogConfig: Setting CVar [[r.AOQuality:2]]
[2022.04.01-05.16.29:377][  0]LogConfig: Setting CVar [[r.VolumetricFog:1]]
[2022.04.01-05.16.29:377][  0]LogConfig: Setting CVar [[r.VolumetricFog.GridPixelSize:8]]
[2022.04.01-05.16.29:377][  0]LogConfig: Setting CVar [[r.VolumetricFog.GridSizeZ:128]]
[2022.04.01-05.16.29:377][  0]LogConfig: Setting CVar [[r.VolumetricFog.HistoryMissSupersampleCount:4]]
[2022.04.01-05.16.29:377][  0]LogConfig: Setting CVar [[r.LightMaxDrawDistanceScale:1]]
[2022.04.01-05.16.29:378][  0]LogConfig: Setting CVar [[r.CapsuleShadows:1]]
[2022.04.01-05.16.29:378][  0]LogConfig: Applying CVar settings from Section [PostProcessQuality@3] File [C:/Users/Cameron/Pictures/Stemming-the-disaster/Saved/Config/Windows/Scalability.ini]
[2022.04.01-05.16.29:378][  0]LogConfig: Setting CVar [[r.MotionBlurQuality:4]]
[2022.04.01-05.16.29:378][  0]LogConfig: Setting CVar [[r.AmbientOcclusionMipLevelFactor:0.4]]
[2022.04.01-05.16.29:378][  0]LogConfig: Setting CVar [[r.AmbientOcclusionMaxQuality:100]]
[2022.04.01-05.16.29:378][  0]LogConfig: Setting CVar [[r.AmbientOcclusionLevels:-1]]
[2022.04.01-05.16.29:378][  0]LogConfig: Setting CVar [[r.AmbientOcclusionRadiusScale:1.0]]
[2022.04.01-05.16.29:378][  0]LogConfig: Setting CVar [[r.DepthOfFieldQuality:2]]
[2022.04.01-05.16.29:378][  0]LogConfig: Setting CVar [[r.RenderTargetPoolMin:400]]
[2022.04.01-05.16.29:378][  0]LogConfig: Setting CVar [[r.LensFlareQuality:2]]
[2022.04.01-05.16.29:378][  0]LogConfig: Setting CVar [[r.SceneColorFringeQuality:1]]
[2022.04.01-05.16.29:378][  0]LogConfig: Setting CVar [[r.EyeAdaptationQuality:2]]
[2022.04.01-05.16.29:378][  0]LogConfig: Setting CVar [[r.BloomQuality:5]]
[2022.04.01-05.16.29:378][  0]LogConfig: Setting CVar [[r.FastBlurThreshold:100]]
[2022.04.01-05.16.29:378][  0]LogConfig: Setting CVar [[r.Upscale.Quality:3]]
[2022.04.01-05.16.29:378][  0]LogConfig: Setting CVar [[r.Tonemapper.GrainQuantization:1]]
[2022.04.01-05.16.29:378][  0]LogConfig: Setting CVar [[r.LightShaftQuality:1]]
[2022.04.01-05.16.29:378][  0]LogConfig: Setting CVar [[r.Filter.SizeScale:1]]
[2022.04.01-05.16.29:378][  0]LogConfig: Setting CVar [[r.Tonemapper.Quality:5]]
[2022.04.01-05.16.29:378][  0]LogConfig: Setting CVar [[r.DOF.Gather.AccumulatorQuality:1        ; higher gathering accumulator quality]]
[2022.04.01-05.16.29:378][  0]LogConfig: Setting CVar [[r.DOF.Gather.PostfilterMethod:1          ; Median3x3 postfilering method]]
[2022.04.01-05.16.29:378][  0]LogConfig: Setting CVar [[r.DOF.Gather.EnableBokehSettings:0       ; no bokeh simulation when gathering]]
[2022.04.01-05.16.29:378][  0]LogConfig: Setting CVar [[r.DOF.Gather.RingCount:4                 ; medium number of samples when gathering]]
[2022.04.01-05.16.29:378][  0]LogConfig: Setting CVar [[r.DOF.Scatter.ForegroundCompositing:1    ; additive foreground scattering]]
[2022.04.01-05.16.29:378][  0]LogConfig: Setting CVar [[r.DOF.Scatter.BackgroundCompositing:2    ; additive background scattering]]
[2022.04.01-05.16.29:378][  0]LogConfig: Setting CVar [[r.DOF.Scatter.EnableBokehSettings:1      ; bokeh simulation when scattering]]
[2022.04.01-05.16.29:378][  0]LogConfig: Setting CVar [[r.DOF.Scatter.MaxSpriteRatio:0.1         ; only a maximum of 10% of scattered bokeh]]
[2022.04.01-05.16.29:378][  0]LogConfig: Setting CVar [[r.DOF.Recombine.Quality:1                ; cheap slight out of focus]]
[2022.04.01-05.16.29:378][  0]LogConfig: Setting CVar [[r.DOF.Recombine.EnableBokehSettings:0    ; no bokeh simulation on slight out of focus]]
[2022.04.01-05.16.29:378][  0]LogConfig: Setting CVar [[r.DOF.TemporalAAQuality:1                ; more stable temporal accumulation]]
[2022.04.01-05.16.29:378][  0]LogConfig: Setting CVar [[r.DOF.Kernel.MaxForegroundRadius:0.025]]
[2022.04.01-05.16.29:378][  0]LogConfig: Setting CVar [[r.DOF.Kernel.MaxBackgroundRadius:0.025]]
[2022.04.01-05.16.29:378][  0]LogConfig: Applying CVar settings from Section [TextureQuality@3] File [C:/Users/Cameron/Pictures/Stemming-the-disaster/Saved/Config/Windows/Scalability.ini]
[2022.04.01-05.16.29:378][  0]LogConfig: Setting CVar [[r.Streaming.MipBias:0]]
[2022.04.01-05.16.29:378][  0]LogConfig: Setting CVar [[r.Streaming.AmortizeCPUToGPUCopy:0]]
[2022.04.01-05.16.29:378][  0]LogConfig: Setting CVar [[r.Streaming.MaxNumTexturesToStreamPerFrame:0]]
[2022.04.01-05.16.29:378][  0]LogConfig: Setting CVar [[r.Streaming.Boost:1]]
[2022.04.01-05.16.29:378][  0]LogConfig: Setting CVar [[r.MaxAnisotropy:8]]
[2022.04.01-05.16.29:378][  0]LogConfig: Setting CVar [[r.VT.MaxAnisotropy:8]]
[2022.04.01-05.16.29:378][  0]LogConfig: Setting CVar [[r.Streaming.LimitPoolSizeToVRAM:0]]
[2022.04.01-05.16.29:378][  0]LogConfig: Setting CVar [[r.Streaming.PoolSize:1000]]
[2022.04.01-05.16.29:378][  0]LogConfig: Setting CVar [[r.Streaming.MaxEffectiveScreenSize:0]]
[2022.04.01-05.16.29:378][  0]LogConfig: Applying CVar settings from Section [EffectsQuality@3] File [C:/Users/Cameron/Pictures/Stemming-the-disaster/Saved/Config/Windows/Scalability.ini]
[2022.04.01-05.16.29:378][  0]LogConfig: Setting CVar [[r.TranslucencyLightingVolumeDim:64]]
[2022.04.01-05.16.29:378][  0]LogConfig: Setting CVar [[r.RefractionQuality:2]]
[2022.04.01-05.16.29:378][  0]LogConfig: Setting CVar [[r.SSR.Quality:3]]
[2022.04.01-05.16.29:378][  0]LogConfig: Setting CVar [[r.SSR.HalfResSceneColor:0]]
[2022.04.01-05.16.29:378][  0]LogConfig: Setting CVar [[r.SceneColorFormat:4]]
[2022.04.01-05.16.29:378][  0]LogConfig: Setting CVar [[r.DetailMode:2]]
[2022.04.01-05.16.29:378][  0]LogConfig: Setting CVar [[r.TranslucencyVolumeBlur:1]]
[2022.04.01-05.16.29:378][  0]LogConfig: Setting CVar [[r.MaterialQualityLevel:1 ; High quality]]
[2022.04.01-05.16.29:378][  0]LogConfig: Setting CVar [[r.AnisotropicMaterials:1]]
[2022.04.01-05.16.29:378][  0]LogConfig: Setting CVar [[r.SSS.Scale:1]]
[2022.04.01-05.16.29:378][  0]LogConfig: Setting CVar [[r.SSS.SampleSet:2]]
[2022.04.01-05.16.29:378][  0]LogConfig: Setting CVar [[r.SSS.Quality:1]]
[2022.04.01-05.16.29:378][  0]LogConfig: Setting CVar [[r.SSS.HalfRes:0]]
[2022.04.01-05.16.29:378][  0]LogConfig: Setting CVar [[r.SSGI.Quality:3]]
[2022.04.01-05.16.29:378][  0]LogConfig: Setting CVar [[r.EmitterSpawnRateScale:1.0]]
[2022.04.01-05.16.29:378][  0]LogConfig: Setting CVar [[r.ParticleLightQuality:2]]
[2022.04.01-05.16.29:378][  0]LogConfig: Setting CVar [[r.SkyAtmosphere.AerialPerspectiveLUT.FastApplyOnOpaque:1 ; Always have FastSkyLUT 1 in this case to avoid wrong sky]]
[2022.04.01-05.16.29:378][  0]LogConfig: Setting CVar [[r.SkyAtmosphere.AerialPerspectiveLUT.SampleCountMaxPerSlice:4]]
[2022.04.01-05.16.29:378][  0]LogConfig: Setting CVar [[r.SkyAtmosphere.AerialPerspectiveLUT.DepthResolution:16.0]]
[2022.04.01-05.16.29:378][  0]LogConfig: Setting CVar [[r.SkyAtmosphere.FastSkyLUT:1]]
[2022.04.01-05.16.29:378][  0]LogConfig: Setting CVar [[r.SkyAtmosphere.FastSkyLUT.SampleCountMin:4.0]]
[2022.04.01-05.16.29:378][  0]LogConfig: Setting CVar [[r.SkyAtmosphere.FastSkyLUT.SampleCountMax:128.0]]
[2022.04.01-05.16.29:378][  0]LogConfig: Setting CVar [[r.SkyAtmosphere.SampleCountMin:4.0]]
[2022.04.01-05.16.29:378][  0]LogConfig: Setting CVar [[r.SkyAtmosphere.SampleCountMax:128.0]]
[2022.04.01-05.16.29:378][  0]LogConfig: Setting CVar [[r.SkyAtmosphere.TransmittanceLUT.UseSmallFormat:0]]
[2022.04.01-05.16.29:378][  0]LogConfig: Setting CVar [[r.SkyAtmosphere.TransmittanceLUT.SampleCount:10.0]]
[2022.04.01-05.16.29:378][  0]LogConfig: Setting CVar [[r.SkyAtmosphere.MultiScatteringLUT.SampleCount:15.0]]
[2022.04.01-05.16.29:378][  0]LogConfig: Setting CVar [[r.SkyLight.RealTimeReflectionCapture:1]]
[2022.04.01-05.16.29:378][  0]LogConfig: Applying CVar settings from Section [FoliageQuality@3] File [C:/Users/Cameron/Pictures/Stemming-the-disaster/Saved/Config/Windows/Scalability.ini]
[2022.04.01-05.16.29:378][  0]LogConfig: Setting CVar [[foliage.DensityScale:1.0]]
[2022.04.01-05.16.29:378][  0]LogConfig: Setting CVar [[grass.DensityScale:1.0]]
[2022.04.01-05.16.29:378][  0]LogConfig: Applying CVar settings from Section [ShadingQuality@3] File [C:/Users/Cameron/Pictures/Stemming-the-disaster/Saved/Config/Windows/Scalability.ini]
[2022.04.01-05.16.29:378][  0]LogConfig: Setting CVar [[r.HairStrands.SkyLighting.IntegrationType:2]]
[2022.04.01-05.16.29:378][  0]LogConfig: Setting CVar [[r.HairStrands.SkyAO.SampleCount:4]]
[2022.04.01-05.16.29:378][  0]LogConfig: Setting CVar [[r.HairStrands.Visibility.MSAA.SamplePerPixel:4]]
[2022.04.01-05.16.29:378][  0]LogInit: Selected Device Profile: [Windows]
[2022.04.01-05.16.29:378][  0]LogInit: Applying CVar settings loaded from the selected device profile: [Windows]
[2022.04.01-05.16.29:378][  0]LogHAL: Display: Platform has ~ 8 GB [8156008448 / 8589934592 / 8], which maps to Default [LargestMinGB=32, LargerMinGB=12, DefaultMinGB=8, SmallerMinGB=6, SmallestMinGB=0)
[2022.04.01-05.16.29:378][  0]LogInit: Going up to parent DeviceProfile []
[2022.04.01-05.16.29:378][  0]LogConfig: Applying CVar settings from Section [ViewDistanceQuality@3] File [C:/Users/Cameron/Pictures/Stemming-the-disaster/Saved/Config/Windows/Scalability.ini]
[2022.04.01-05.16.29:378][  0]LogConfig: Setting CVar [[r.SkeletalMeshLODBias:0]]
[2022.04.01-05.16.29:378][  0]LogConfig: Setting CVar [[r.ViewDistanceScale:1.0]]
[2022.04.01-05.16.29:379][  0]LogConfig: Applying CVar settings from Section [AntiAliasingQuality@3] File [C:/Users/Cameron/Pictures/Stemming-the-disaster/Saved/Config/Windows/Scalability.ini]
[2022.04.01-05.16.29:379][  0]LogConfig: Setting CVar [[r.PostProcessAAQuality:4]]
[2022.04.01-05.16.29:379][  0]LogConfig: Applying CVar settings from Section [ShadowQuality@3] File [C:/Users/Cameron/Pictures/Stemming-the-disaster/Saved/Config/Windows/Scalability.ini]
[2022.04.01-05.16.29:379][  0]LogConfig: Setting CVar [[r.LightFunctionQuality:1]]
[2022.04.01-05.16.29:379][  0]LogConfig: Setting CVar [[r.ShadowQuality:5]]
[2022.04.01-05.16.29:379][  0]LogConfig: Setting CVar [[r.Shadow.CSM.MaxCascades:10]]
[2022.04.01-05.16.29:379][  0]LogConfig: Setting CVar [[r.Shadow.MaxResolution:2048]]
[2022.04.01-05.16.29:379][  0]LogConfig: Setting CVar [[r.Shadow.MaxCSMResolution:2048]]
[2022.04.01-05.16.29:379][  0]LogConfig: Setting CVar [[r.Shadow.RadiusThreshold:0.01]]
[2022.04.01-05.16.29:379][  0]LogConfig: Setting CVar [[r.Shadow.DistanceScale:1.0]]
[2022.04.01-05.16.29:379][  0]LogConfig: Setting CVar [[r.Shadow.CSM.TransitionScale:1.0]]
[2022.04.01-05.16.29:379][  0]LogConfig: Setting CVar [[r.Shadow.PreShadowResolutionFactor:1.0]]
[2022.04.01-05.16.29:379][  0]LogConfig: Setting CVar [[r.DistanceFieldShadowing:1]]
[2022.04.01-05.16.29:379][  0]LogConfig: Setting CVar [[r.DistanceFieldAO:1]]
[2022.04.01-05.16.29:379][  0]LogConfig: Setting CVar [[r.AOQuality:2]]
[2022.04.01-05.16.29:379][  0]LogConfig: Setting CVar [[r.VolumetricFog:1]]
[2022.04.01-05.16.29:379][  0]LogConfig: Setting CVar [[r.VolumetricFog.GridPixelSize:8]]
[2022.04.01-05.16.29:379][  0]LogConfig: Setting CVar [[r.VolumetricFog.GridSizeZ:128]]
[2022.04.01-05.16.29:379][  0]LogConfig: Setting CVar [[r.VolumetricFog.HistoryMissSupersampleCount:4]]
[2022.04.01-05.16.29:379][  0]LogConfig: Setting CVar [[r.LightMaxDrawDistanceScale:1]]
[2022.04.01-05.16.29:379][  0]LogConfig: Setting CVar [[r.CapsuleShadows:1]]
[2022.04.01-05.16.29:379][  0]LogConfig: Applying CVar settings from Section [PostProcessQuality@3] File [C:/Users/Cameron/Pictures/Stemming-the-disaster/Saved/Config/Windows/Scalability.ini]
[2022.04.01-05.16.29:379][  0]LogConfig: Setting CVar [[r.MotionBlurQuality:4]]
[2022.04.01-05.16.29:379][  0]LogConfig: Setting CVar [[r.AmbientOcclusionMipLevelFactor:0.4]]
[2022.04.01-05.16.29:379][  0]LogConfig: Setting CVar [[r.AmbientOcclusionMaxQuality:100]]
[2022.04.01-05.16.29:379][  0]LogConfig: Setting CVar [[r.AmbientOcclusionLevels:-1]]
[2022.04.01-05.16.29:379][  0]LogConfig: Setting CVar [[r.AmbientOcclusionRadiusScale:1.0]]
[2022.04.01-05.16.29:379][  0]LogConfig: Setting CVar [[r.DepthOfFieldQuality:2]]
[2022.04.01-05.16.29:379][  0]LogConfig: Setting CVar [[r.RenderTargetPoolMin:400]]
[2022.04.01-05.16.29:379][  0]LogConfig: Setting CVar [[r.LensFlareQuality:2]]
[2022.04.01-05.16.29:379][  0]LogConfig: Setting CVar [[r.SceneColorFringeQuality:1]]
[2022.04.01-05.16.29:379][  0]LogConfig: Setting CVar [[r.EyeAdaptationQuality:2]]
[2022.04.01-05.16.29:379][  0]LogConfig: Setting CVar [[r.BloomQuality:5]]
[2022.04.01-05.16.29:379][  0]LogConfig: Setting CVar [[r.FastBlurThreshold:100]]
[2022.04.01-05.16.29:379][  0]LogConfig: Setting CVar [[r.Upscale.Quality:3]]
[2022.04.01-05.16.29:379][  0]LogConfig: Setting CVar [[r.Tonemapper.GrainQuantization:1]]
[2022.04.01-05.16.29:379][  0]LogConfig: Setting CVar [[r.LightShaftQuality:1]]
[2022.04.01-05.16.29:379][  0]LogConfig: Setting CVar [[r.Filter.SizeScale:1]]
[2022.04.01-05.16.29:379][  0]LogConfig: Setting CVar [[r.Tonemapper.Quality:5]]
[2022.04.01-05.16.29:379][  0]LogConfig: Setting CVar [[r.DOF.Gather.AccumulatorQuality:1        ; higher gathering accumulator quality]]
[2022.04.01-05.16.29:379][  0]LogConfig: Setting CVar [[r.DOF.Gather.PostfilterMethod:1          ; Median3x3 postfilering method]]
[2022.04.01-05.16.29:379][  0]LogConfig: Setting CVar [[r.DOF.Gather.EnableBokehSettings:0       ; no bokeh simulation when gathering]]
[2022.04.01-05.16.29:379][  0]LogConfig: Setting CVar [[r.DOF.Gather.RingCount:4                 ; medium number of samples when gathering]]
[2022.04.01-05.16.29:379][  0]LogConfig: Setting CVar [[r.DOF.Scatter.ForegroundCompositing:1    ; additive foreground scattering]]
[2022.04.01-05.16.29:379][  0]LogConfig: Setting CVar [[r.DOF.Scatter.BackgroundCompositing:2    ; additive background scattering]]
[2022.04.01-05.16.29:379][  0]LogConfig: Setting CVar [[r.DOF.Scatter.EnableBokehSettings:1      ; bokeh simulation when scattering]]
[2022.04.01-05.16.29:379][  0]LogConfig: Setting CVar [[r.DOF.Scatter.MaxSpriteRatio:0.1         ; only a maximum of 10% of scattered bokeh]]
[2022.04.01-05.16.29:379][  0]LogConfig: Setting CVar [[r.DOF.Recombine.Quality:1                ; cheap slight out of focus]]
[2022.04.01-05.16.29:379][  0]LogConfig: Setting CVar [[r.DOF.Recombine.EnableBokehSettings:0    ; no bokeh simulation on slight out of focus]]
[2022.04.01-05.16.29:379][  0]LogConfig: Setting CVar [[r.DOF.TemporalAAQuality:1                ; more stable temporal accumulation]]
[2022.04.01-05.16.29:379][  0]LogConfig: Setting CVar [[r.DOF.Kernel.MaxForegroundRadius:0.025]]
[2022.04.01-05.16.29:379][  0]LogConfig: Setting CVar [[r.DOF.Kernel.MaxBackgroundRadius:0.025]]
[2022.04.01-05.16.29:379][  0]LogConfig: Applying CVar settings from Section [TextureQuality@3] File [C:/Users/Cameron/Pictures/Stemming-the-disaster/Saved/Config/Windows/Scalability.ini]
[2022.04.01-05.16.29:379][  0]LogConfig: Setting CVar [[r.Streaming.MipBias:0]]
[2022.04.01-05.16.29:379][  0]LogConfig: Setting CVar [[r.Streaming.AmortizeCPUToGPUCopy:0]]
[2022.04.01-05.16.29:379][  0]LogConfig: Setting CVar [[r.Streaming.MaxNumTexturesToStreamPerFrame:0]]
[2022.04.01-05.16.29:379][  0]LogConfig: Setting CVar [[r.Streaming.Boost:1]]
[2022.04.01-05.16.29:379][  0]LogConfig: Setting CVar [[r.MaxAnisotropy:8]]
[2022.04.01-05.16.29:379][  0]LogConfig: Setting CVar [[r.VT.MaxAnisotropy:8]]
[2022.04.01-05.16.29:379][  0]LogConfig: Setting CVar [[r.Streaming.LimitPoolSizeToVRAM:0]]
[2022.04.01-05.16.29:379][  0]LogConfig: Setting CVar [[r.Streaming.PoolSize:1000]]
[2022.04.01-05.16.29:379][  0]LogConfig: Setting CVar [[r.Streaming.MaxEffectiveScreenSize:0]]
[2022.04.01-05.16.29:379][  0]LogConfig: Applying CVar settings from Section [EffectsQuality@3] File [C:/Users/Cameron/Pictures/Stemming-the-disaster/Saved/Config/Windows/Scalability.ini]
[2022.04.01-05.16.29:379][  0]LogConfig: Setting CVar [[r.TranslucencyLightingVolumeDim:64]]
[2022.04.01-05.16.29:379][  0]LogConfig: Setting CVar [[r.RefractionQuality:2]]
[2022.04.01-05.16.29:379][  0]LogConfig: Setting CVar [[r.SSR.Quality:3]]
[2022.04.01-05.16.29:379][  0]LogConfig: Setting CVar [[r.SSR.HalfResSceneColor:0]]
[2022.04.01-05.16.29:379][  0]LogConfig: Setting CVar [[r.SceneColorFormat:4]]
[2022.04.01-05.16.29:379][  0]LogConfig: Setting CVar [[r.DetailMode:2]]
[2022.04.01-05.16.29:379][  0]LogConfig: Setting CVar [[r.TranslucencyVolumeBlur:1]]
[2022.04.01-05.16.29:379][  0]LogConfig: Setting CVar [[r.MaterialQualityLevel:1 ; High quality]]
[2022.04.01-05.16.29:379][  0]LogConfig: Setting CVar [[r.AnisotropicMaterials:1]]
[2022.04.01-05.16.29:379][  0]LogConfig: Setting CVar [[r.SSS.Scale:1]]
[2022.04.01-05.16.29:379][  0]LogConfig: Setting CVar [[r.SSS.SampleSet:2]]
[2022.04.01-05.16.29:379][  0]LogConfig: Setting CVar [[r.SSS.Quality:1]]
[2022.04.01-05.16.29:379][  0]LogConfig: Setting CVar [[r.SSS.HalfRes:0]]
[2022.04.01-05.16.29:379][  0]LogConfig: Setting CVar [[r.SSGI.Quality:3]]
[2022.04.01-05.16.29:379][  0]LogConfig: Setting CVar [[r.EmitterSpawnRateScale:1.0]]
[2022.04.01-05.16.29:379][  0]LogConfig: Setting CVar [[r.ParticleLightQuality:2]]
[2022.04.01-05.16.29:379][  0]LogConfig: Setting CVar [[r.SkyAtmosphere.AerialPerspectiveLUT.FastApplyOnOpaque:1 ; Always have FastSkyLUT 1 in this case to avoid wrong sky]]
[2022.04.01-05.16.29:379][  0]LogConfig: Setting CVar [[r.SkyAtmosphere.AerialPerspectiveLUT.SampleCountMaxPerSlice:4]]
[2022.04.01-05.16.29:379][  0]LogConfig: Setting CVar [[r.SkyAtmosphere.AerialPerspectiveLUT.DepthResolution:16.0]]
[2022.04.01-05.16.29:379][  0]LogConfig: Setting CVar [[r.SkyAtmosphere.FastSkyLUT:1]]
[2022.04.01-05.16.29:379][  0]LogConfig: Setting CVar [[r.SkyAtmosphere.FastSkyLUT.SampleCountMin:4.0]]
[2022.04.01-05.16.29:379][  0]LogConfig: Setting CVar [[r.SkyAtmosphere.FastSkyLUT.SampleCountMax:128.0]]
[2022.04.01-05.16.29:379][  0]LogConfig: Setting CVar [[r.SkyAtmosphere.SampleCountMin:4.0]]
[2022.04.01-05.16.29:379][  0]LogConfig: Setting CVar [[r.SkyAtmosphere.SampleCountMax:128.0]]
[2022.04.01-05.16.29:379][  0]LogConfig: Setting CVar [[r.SkyAtmosphere.TransmittanceLUT.UseSmallFormat:0]]
[2022.04.01-05.16.29:379][  0]LogConfig: Setting CVar [[r.SkyAtmosphere.TransmittanceLUT.SampleCount:10.0]]
[2022.04.01-05.16.29:379][  0]LogConfig: Setting CVar [[r.SkyAtmosphere.MultiScatteringLUT.SampleCount:15.0]]
[2022.04.01-05.16.29:379][  0]LogConfig: Setting CVar [[r.SkyLight.RealTimeReflectionCapture:1]]
[2022.04.01-05.16.29:379][  0]LogConfig: Applying CVar settings from Section [FoliageQuality@3] File [C:/Users/Cameron/Pictures/Stemming-the-disaster/Saved/Config/Windows/Scalability.ini]
[2022.04.01-05.16.29:379][  0]LogConfig: Setting CVar [[foliage.DensityScale:1.0]]
[2022.04.01-05.16.29:379][  0]LogConfig: Setting CVar [[grass.DensityScale:1.0]]
[2022.04.01-05.16.29:379][  0]LogConfig: Applying CVar settings from Section [ShadingQuality@3] File [C:/Users/Cameron/Pictures/Stemming-the-disaster/Saved/Config/Windows/Scalability.ini]
[2022.04.01-05.16.29:379][  0]LogConfig: Setting CVar [[r.HairStrands.SkyLighting.IntegrationType:2]]
[2022.04.01-05.16.29:379][  0]LogConfig: Setting CVar [[r.HairStrands.SkyAO.SampleCount:4]]
[2022.04.01-05.16.29:379][  0]LogConfig: Setting CVar [[r.HairStrands.Visibility.MSAA.SamplePerPixel:4]]
[2022.04.01-05.16.29:380][  0]LogConfig: Applying CVar settings from Section [Startup] File [../../../Engine/Config/ConsoleVariables.ini]
[2022.04.01-05.16.29:380][  0]LogConfig: Setting CVar [[net.UseAdaptiveNetUpdateFrequency:0]]
[2022.04.01-05.16.29:380][  0]LogConfig: Setting CVar [[p.chaos.AllowCreatePhysxBodies:1]]
[2022.04.01-05.16.29:380][  0]LogConfig: Setting CVar [[fx.SkipVectorVMBackendOptimizations:1]]
[2022.04.01-05.16.29:380][  0]LogConfig: Applying CVar settings from Section [ConsoleVariables] File [C:/Users/Cameron/Pictures/Stemming-the-disaster/Saved/Config/Windows/Engine.ini]
[2022.04.01-05.16.29:380][  0]LogConfig: Applying CVar settings from Section [ConsoleVariables] File [C:/Users/Cameron/Pictures/Stemming-the-disaster/Saved/Config/Windows/Editor.ini]
[2022.04.01-05.16.29:380][  0]LogInit: Computer: CAMERON-PC
[2022.04.01-05.16.29:380][  0]LogInit: User: Cameron
[2022.04.01-05.16.29:380][  0]LogInit: CPU Page size=4096, Cores=4
[2022.04.01-05.16.29:380][  0]LogInit: High frequency timer resolution =10.000000 MHz
[2022.04.01-05.16.29:380][  0]LogMemory: Memory total: Physical=7.6GB (8GB approx)
[2022.04.01-05.16.29:380][  0]LogMemory: Platform Memory Stats for Windows
[2022.04.01-05.16.29:380][  0]LogMemory: Process Physical Memory: 144.28 MB used, 144.28 MB peak
[2022.04.01-05.16.29:380][  0]LogMemory: Process Virtual Memory: 122.68 MB used, 122.68 MB peak
[2022.04.01-05.16.29:380][  0]LogMemory: Physical Memory: 5886.61 MB used,  1891.56 MB free, 7778.18 MB total
[2022.04.01-05.16.29:380][  0]LogMemory: Virtual Memory: 134212000.00 MB used,  5728.46 MB free, 134217728.00 MB total
[2022.04.01-05.16.29:385][  0]LogWindows: WindowsPlatformFeatures enabled
[2022.04.01-05.16.29:406][  0]LogInit: Physics initialised using underlying interface: PhysX
[2022.04.01-05.16.29:407][  0]LogInit: Using OS detected language (en-US).
[2022.04.01-05.16.29:407][  0]LogInit: Using OS detected locale (en-US).
[2022.04.01-05.16.29:412][  0]LogTextLocalizationManager: No specific localization for 'en-US' exists, so the 'en' localization will be used.
[2022.04.01-05.16.29:611][  0]LogInit: Setting process to per monitor DPI aware
[2022.04.01-05.16.29:632][  0]LogWindowsTextInputMethodSystem: Display: IME system deactivated.
[2022.04.01-05.16.29:644][  0]LogSlate: New Slate User Created.  User Index 0, Is Virtual User: 0
[2022.04.01-05.16.29:644][  0]LogSlate: Slate User Registered.  User Index 0, Is Virtual User: 0
[2022.04.01-05.16.29:769][  0]LogD3D11RHI: Loaded GFSDK_Aftermath_Lib.x64.dll
[2022.04.01-05.16.29:772][  0]LogHMD: Failed to initialize OpenVR with code 110
[2022.04.01-05.16.29:772][  0]LogD3D11RHI: D3D11 min allowed feature level: 11_0
[2022.04.01-05.16.29:772][  0]LogD3D11RHI: D3D11 max allowed feature level: 11_0
[2022.04.01-05.16.29:772][  0]LogD3D11RHI: D3D11 adapters:
[2022.04.01-05.16.29:921][  0]LogD3D11RHI:    0. 'Intel(R) UHD Graphics' (Feature Level 11_0)
[2022.04.01-05.16.29:921][  0]LogD3D11RHI:       128/0/3889 MB DedicatedVideo/DedicatedSystem/SharedSystem, Outputs:1, VendorId:0x8086
[2022.04.01-05.16.29:924][  0]LogD3D11RHI:    1. 'Microsoft Basic Render Driver' (Feature Level 11_0)
[2022.04.01-05.16.29:924][  0]LogD3D11RHI:       0/0/3889 MB DedicatedVideo/DedicatedSystem/SharedSystem, Outputs:0, VendorId:0x1414
[2022.04.01-05.16.29:924][  0]LogD3D11RHI: Chosen D3D11 Adapter:
[2022.04.01-05.16.29:924][  0]LogD3D11RHI:     Description : Intel(R) UHD Graphics
[2022.04.01-05.16.29:924][  0]LogD3D11RHI:     VendorId    : 8086
[2022.04.01-05.16.29:924][  0]LogD3D11RHI:     DeviceId    : 8a56
[2022.04.01-05.16.29:924][  0]LogD3D11RHI:     SubSysId    : 471414
[2022.04.01-05.16.29:924][  0]LogD3D11RHI:     Revision    : 0007
[2022.04.01-05.16.29:924][  0]LogD3D11RHI:     DedicatedVideoMemory : 134217728 bytes
[2022.04.01-05.16.29:924][  0]LogD3D11RHI:     DedicatedSystemMemory : 0 bytes
[2022.04.01-05.16.29:924][  0]LogD3D11RHI:     SharedSystemMemory : 4078004224 bytes
[2022.04.01-05.16.29:924][  0]LogD3D11RHI:     AdapterLuid : 0 55607
[2022.04.01-05.16.29:932][  0]LogD3D11RHI: Creating new Direct3DDevice
[2022.04.01-05.16.29:932][  0]LogD3D11RHI:     GPU DeviceId: 0x8a56 (for the marketing name, search the web for "GPU Device Id")
[2022.04.01-05.16.29:932][  0]LogWindows: EnumDisplayDevices:
[2022.04.01-05.16.29:932][  0]LogWindows:    0. 'Intel(R) UHD Graphics' (P:1 D:1)
[2022.04.01-05.16.29:933][  0]LogWindows:    1. 'Intel(R) UHD Graphics' (P:0 D:0)
[2022.04.01-05.16.29:933][  0]LogWindows:    2. 'Intel(R) UHD Graphics' (P:0 D:0)
[2022.04.01-05.16.29:933][  0]LogWindows: DebugString: FoundDriverCount:3 
[2022.04.01-05.16.29:933][  0]LogD3D11RHI:     Adapter Name: Intel(R) UHD Graphics
[2022.04.01-05.16.29:933][  0]LogD3D11RHI:   Driver Version: 27.20.100.9621 (internal:27.20.100.9621, unified:27.20.100.9621)
[2022.04.01-05.16.29:933][  0]LogD3D11RHI:      Driver Date: 6-15-2021
[2022.04.01-05.16.29:933][  0]LogRHI: Texture pool is 1450 MB (70% of 2072 MB)
[2022.04.01-05.16.29:945][  0]LogD3D11RHI: Creating D3DDevice using adapter:
[2022.04.01-05.16.29:945][  0]LogD3D11RHI:     Description : Intel(R) UHD Graphics
[2022.04.01-05.16.29:945][  0]LogD3D11RHI:     VendorId    : 8086
[2022.04.01-05.16.29:945][  0]LogD3D11RHI:     DeviceId    : 8a56
[2022.04.01-05.16.29:945][  0]LogD3D11RHI:     SubSysId    : 471414
[2022.04.01-05.16.29:945][  0]LogD3D11RHI:     Revision    : 0007
[2022.04.01-05.16.29:945][  0]LogD3D11RHI:     DedicatedVideoMemory : 134217728 bytes
[2022.04.01-05.16.29:945][  0]LogD3D11RHI:     DedicatedSystemMemory : 0 bytes
[2022.04.01-05.16.29:945][  0]LogD3D11RHI:     SharedSystemMemory : 4078004224 bytes
[2022.04.01-05.16.29:945][  0]LogD3D11RHI:     AdapterLuid : 0 55607
[2022.04.01-05.16.30:114][  0]LogD3D11RHI: RHI does not have support for 64 bit atomics
[2022.04.01-05.16.30:146][  0]LogD3D11RHI: Intel Extensions support version Full=16777216, Major=1, Minor=0, Revision=0
[2022.04.01-05.16.30:146][  0]LogD3D11RHI: Intel Extensions support version Full=16777217, Major=1, Minor=0, Revision=1
[2022.04.01-05.16.30:146][  0]LogD3D11RHI: Intel Extensions Framework enabled
[2022.04.01-05.16.30:148][  0]LogD3D11RHI: [IntelMetricsDiscovery] Started
[2022.04.01-05.16.30:148][  0]LogD3D11RHI: Async texture creation enabled
[2022.04.01-05.16.30:148][  0]LogD3D11RHI: Array index from any shader is supported
[2022.04.01-05.16.30:161][  0]LogD3D11RHI: GPU Timing Frequency: 19.200000 (Debug: 2 0)
[2022.04.01-05.16.30:605][  0]LogTargetPlatformManager: Display: Loaded TargetPlatform 'AllDesktop'
[2022.04.01-05.16.30:631][  0]LogTargetPlatformManager: Display: Loaded TargetPlatform 'Android'
[2022.04.01-05.16.30:631][  0]LogTargetPlatformManager: Display: Loaded TargetPlatform 'Android_ASTC'
[2022.04.01-05.16.30:631][  0]LogTargetPlatformManager: Display: Loaded TargetPlatform 'Android_DXT'
[2022.04.01-05.16.30:631][  0]LogTargetPlatformManager: Display: Loaded TargetPlatform 'Android_ETC2'
[2022.04.01-05.16.30:631][  0]LogTargetPlatformManager: Display: Loaded TargetPlatform 'AndroidClient'
[2022.04.01-05.16.30:631][  0]LogTargetPlatformManager: Display: Loaded TargetPlatform 'Android_ASTCClient'
[2022.04.01-05.16.30:631][  0]LogTargetPlatformManager: Display: Loaded TargetPlatform 'Android_DXTClient'
[2022.04.01-05.16.30:631][  0]LogTargetPlatformManager: Display: Loaded TargetPlatform 'Android_ETC2Client'
[2022.04.01-05.16.30:631][  0]LogTargetPlatformManager: Display: Loaded TargetPlatform 'Android_Multi'
[2022.04.01-05.16.30:631][  0]LogTargetPlatformManager: Display: Loaded TargetPlatform 'Android_MultiClient'
[2022.04.01-05.16.30:653][  0]LogTargetPlatformManager: Display: Loaded TargetPlatform 'IOSClient'
[2022.04.01-05.16.30:653][  0]LogTargetPlatformManager: Display: Loaded TargetPlatform 'IOS'
[2022.04.01-05.16.30:665][  0]LogTargetPlatformManager: Display: Loaded TargetPlatform 'Linux'
[2022.04.01-05.16.30:672][  0]LogTargetPlatformManager: Display: Loaded TargetPlatform 'LinuxNoEditor'
[2022.04.01-05.16.30:680][  0]LogTargetPlatformManager: Display: Loaded TargetPlatform 'LinuxClient'
[2022.04.01-05.16.30:686][  0]LogTargetPlatformManager: Display: Loaded TargetPlatform 'LinuxServer'
[2022.04.01-05.16.30:695][  0]LogTargetPlatformManager: Display: Loaded TargetPlatform 'LinuxAArch64NoEditor'
[2022.04.01-05.16.30:700][  0]LogTargetPlatformManager: Display: Loaded TargetPlatform 'LinuxAArch64Client'
[2022.04.01-05.16.30:704][  0]LogTargetPlatformManager: Display: Loaded TargetPlatform 'LinuxAArch64Server'
[2022.04.01-05.16.30:728][  0]LogTargetPlatformManager: Display: Loaded TargetPlatform 'Lumin'
[2022.04.01-05.16.30:728][  0]LogTargetPlatformManager: Display: Loaded TargetPlatform 'LuminClient'
[2022.04.01-05.16.30:737][  0]LogTargetPlatformManager: Display: Loaded TargetPlatform 'MacNoEditor'
[2022.04.01-05.16.30:742][  0]LogTargetPlatformManager: Display: Loaded TargetPlatform 'Mac'
[2022.04.01-05.16.30:748][  0]LogTargetPlatformManager: Display: Loaded TargetPlatform 'MacClient'
[2022.04.01-05.16.30:754][  0]LogTargetPlatformManager: Display: Loaded TargetPlatform 'MacServer'
[2022.04.01-05.16.30:767][  0]LogTargetPlatformManager: Display: Loaded TargetPlatform 'TVOSClient'
[2022.04.01-05.16.30:767][  0]LogTargetPlatformManager: Display: Loaded TargetPlatform 'TVOS'
[2022.04.01-05.16.30:777][  0]LogTargetPlatformManager: Display: Loaded TargetPlatform 'WindowsNoEditor'
[2022.04.01-05.16.30:782][  0]LogTargetPlatformManager: Display: Loaded TargetPlatform 'Windows'
[2022.04.01-05.16.30:787][  0]LogTargetPlatformManager: Display: Loaded TargetPlatform 'WindowsClient'
[2022.04.01-05.16.30:792][  0]LogTargetPlatformManager: Display: Loaded TargetPlatform 'WindowsServer'
[2022.04.01-05.16.30:792][  0]LogTargetPlatformManager: Display: Building Assets For Windows
[2022.04.01-05.16.30:800][  0]LogAudioDebug: Display: Lib vorbis DLL was dynamically loaded.
[2022.04.01-05.16.30:837][  0]LogTextureFormatOodle: Display: Oodle Texture 2.9.0 init RDO Off
[2022.04.01-05.16.30:875][  0]LogRendererCore: Ray tracing is disabled. Reason: r.RayTracing=0.
[2022.04.01-05.16.30:875][  0]LogShaderCompilers: Guid format shader working directory is -14 characters bigger than the processId version (../../../../../../Users/Cameron/Pictures/Stemming-the-disaster/Intermediate/Shaders/WorkingDirectory/4484/).
[2022.04.01-05.16.30:875][  0]LogShaderCompilers: Cleaned the shader compiler working directory 'C:/Users/Cameron/AppData/Local/Temp/UnrealShaderWorkingDir/558789E3454058A2E9A3B4825BC72070/'.
[2022.04.01-05.16.30:876][  0]LogXGEController: Cannot use XGE Controller as Incredibuild is not installed on this machine.
[2022.04.01-05.16.30:876][  0]LogShaderCompilers: Cannot use XGE Shader Compiler as Incredibuild is not installed on this machine.
[2022.04.01-05.16.30:876][  0]LogShaderCompilers: Display: Using Local Shader Compiler.
[2022.04.01-05.16.31:829][  0]LogDerivedDataCache: Display: Max Cache Size: 512 MB
[2022.04.01-05.16.31:898][  0]LogDerivedDataCache: Loaded boot cache 0.07s 94MB C:/Users/Cameron/AppData/Local/UnrealEngine/4.27/DerivedDataCache/Boot.ddc.
[2022.04.01-05.16.31:898][  0]LogDerivedDataCache: Display: Loaded Boot cache: C:/Users/Cameron/AppData/Local/UnrealEngine/4.27/DerivedDataCache/Boot.ddc
[2022.04.01-05.16.31:898][  0]LogDerivedDataCache: FDerivedDataBackendGraph:  Pak pak cache file ../../../../../../Users/Cameron/Pictures/Stemming-the-disaster/DerivedDataCache/DDC.ddp not found, will not use a pak cache.
[2022.04.01-05.16.31:898][  0]LogDerivedDataCache: Unable to find inner node Pak for hierarchical cache Hierarchy.
[2022.04.01-05.16.31:898][  0]LogDerivedDataCache: FDerivedDataBackendGraph:  CompressedPak pak cache file ../../../../../../Users/Cameron/Pictures/Stemming-the-disaster/DerivedDataCache/Compressed.ddp not found, will not use a pak cache.
[2022.04.01-05.16.31:898][  0]LogDerivedDataCache: Unable to find inner node CompressedPak for hierarchical cache Hierarchy.
[2022.04.01-05.16.31:926][  0]LogDerivedDataCache: Display: Pak cache opened for reading ../../../Engine/DerivedDataCache/Compressed.ddp.
[2022.04.01-05.16.31:926][  0]LogDerivedDataCache: FDerivedDataBackendGraph:  EnterprisePak pak cache file ../../../Enterprise/DerivedDataCache/Compressed.ddp not found, will not use a pak cache.
[2022.04.01-05.16.31:926][  0]LogDerivedDataCache: Unable to find inner node EnterprisePak for hierarchical cache Hierarchy.
[2022.04.01-05.16.31:941][  0]LogDerivedDataCache: Speed tests for C:/Users/Cameron/AppData/Local/UnrealEngine/Common/DerivedDataCache took 0.01 seconds
[2022.04.01-05.16.31:941][  0]LogDerivedDataCache: Display: Performance to C:/Users/Cameron/AppData/Local/UnrealEngine/Common/DerivedDataCache: Latency=0.03ms. RandomReadSpeed=1021.07MBs, RandomWriteSpeed=68.81MBs. Assigned SpeedClass 'Local'
[2022.04.01-05.16.31:942][  0]LogDerivedDataCache: Using Local data cache path C:/Users/Cameron/AppData/Local/UnrealEngine/Common/DerivedDataCache: Writable
[2022.04.01-05.16.31:944][  0]LogDerivedDataCache: Shared data cache path not found in *engine.ini, will not use an Shared cache.
[2022.04.01-05.16.31:944][  0]LogDerivedDataCache: Unable to find inner node Shared for hierarchical cache Hierarchy.
[2022.04.01-05.16.32:036][  0]LogSlate: Using FreeType 2.10.0
[2022.04.01-05.16.32:037][  0]LogSlate: SlateFontServices - WITH_FREETYPE: 1, WITH_HARFBUZZ: 1
[2022.04.01-05.16.32:082][  0]LogAssetRegistry: FAssetRegistry took 0.0040 seconds to start up
[2022.04.01-05.16.32:535][  0]LogInit: Selected Device Profile: [Windows]
[2022.04.01-05.16.32:536][  0]LogInit: Active device profile: [000002B7B96BD400][000002B7AB8EECC0 49] Windows
[2022.04.01-05.16.32:536][  0]LogInit: Profiles: [000002B7B96BD400][000002B7AB8EECC0 49] Windows, [000002B7B966B100][000002B7B581CE40 49] WindowsNoEditor, [000002B7B96BCF00][000002B7B84ACFC0 49] WindowsServer, [000002B7B9669300][000002B7B5829140 49] WindowsClient, [000002B7B9653F00][000002B7B593F2C0 49] IOS, [000002B7B96BD800][000002B7B5943440 49] iPadAir, [000002B7B9668200][000002B7B9E135C0 49] iPadAir2, [000002B7B9614400][000002B7B9E1B880 49] IPadPro, [000002B7B9614500][000002B7B9E178C0 49] iPadAir3, [000002B7B9651800][000002B7B8587A40 49] iPadAir4, [000002B7B9617000][000002B7B858BBC0 49] iPadMini2, [000002B7B9653100][000002B7B858E1C0 49] iPadMini3, [000002B7B9615200][000002B7B8592340 49] iPadMini4, [000002B7B966A000][000002B7B85964C0 49] iPadMini5, [000002B7B9607C00][000002B7B859E780 49] iPhone6, [000002B7B9607D00][000002B7B859A7C0 49] iPodTouch6, [000002B7B9615F00][000002B7B61E6A40 49] iPhone7, [000002B7B9614100][000002B7B85A2A80 49] iPodTouch7, [000002B7B9604300][000002B7B85A6BC0 49] iPhone5S, [000002B7B9650D00][000002B7B85AAD00 49] iPhone6Plus, [000002B7B9616C00][000002B7B86B6E80 49] iPhone6S, [000002B7B9652300][000002B7B86BB000 49] iPhone6SPlus, [000002B7B9615100][000002B7B86BF180 49] iPhone7Plus, [000002B7B9650B00][000002B7B86C3300 49] iPhoneSE, [000002B7B9614300][000002B7B86C7480 49] iPhone8, [000002B7B9652C00][000002B7B86CB600 49] iPhone8Plus, [000002B7B9615D00][000002B7B86CF780 49] iPhoneX, [000002B7B9653C00][000002B7B86D3900 49] iPhoneXS, [000002B7B9614B00][000002B7B86D7A80 49] iPhoneXSMax, [000002B7B9650400][000002B7B86DBC00 49] iPhoneXR, [000002B7B9616900][000002B7B86DE200 49] iPhone11, [000002B7B9653A00][000002B7B86E2380 49] iPhone11Pro, [000002B7B9616600][000002B7B86E6500 49] iPhone11ProMax, [000002B7B9651700][000002B7B84B0680 49] iPhoneSE2, [000002B7B9614800][000002B7B84B4800 49] iPhone12Mini, [000002B7B9650500][000002B7B84B8980 49] iPhone12, [000002B7B9616800][000002B7B84BCB00 49] iPhone12Pro, [000002B7B9652100][000002B7B86B2C40 49] iPhone12ProMax, [000002B7B9615B00][000002B7B84C0D80 49] iPadPro105, [000002B7B9653D00][000002B7B84C4EC0 49] iPadPro129, [000002B7B9614F00][000002B7B84CD040 49] iPadPro97, [000002B7B9650100][000002B7B84D11C0 49] iPadPro2_129, [000002B7B9614C00][000002B7B84D5340 49] iPad5, [000002B7B9651500][000002B7B84D94C0 49] iPad6, [000002B7B9615C00][000002B7B84DD640 49] iPad7, [000002B7B9652B00][000002B7B84E17C0 49] iPad8, [000002B7B9616000][000002B7B84E5940 49] iPadPro11, [000002B7B9651C00][000002B7B84E9AC0 49] iPadPro2_11, [000002B7B9614A00][000002B7B9ADC0C0 49] iPadPro3_129, [000002B7B9650E00][000002B7B9AE0240 49] iPadPro4_129, [000002B7B9617100][000002B7B9AE43C0 49] AppleTV, [000002B7B9651E00][000002B7B9AE8540 49] AppleTV4K, [000002B7B9617400][000002B7B9AEC6C0 49] TVOS, [000002B7B9650900][000002B7B9AF0840 49] Mac, [000002B7B9616B00][000002B7B9AF49C0 49] MacClient, [000002B7B9652D00][000002B7B9AF8B40 49] MacNoEditor, [000002B7B9617F00][000002B7B9AFCCC0 49] MacServer, [000002B7B9651A00][000002B7B84C8E00 49] Linux, [000002B7B9617D00][000002B7B9B00F40 49] LinuxAArch64, [000002B7B9651900][000002B7B9B05080 49] LinuxNoEditor, [000002B7B9617700][000002B7B9B091C0 49] LinuxAArch64NoEditor, [000002B7B9652F00][000002B7B9B11340 49] LinuxClient, [000002B7B9615800][000002B7B9B154C0 49] LinuxAArch64Client, [000002B7B9650200][000002B7B9B19640 49] LinuxServer, [000002B7B9616300][000002B7B9B1D7C0 49] LinuxAArch64Server, [000002B7B9652000][000002B7B9B21940 49] Android, [000002B7B9616A00][000002B7B9B25AC0 49] Android_Low, [000002B7B96BF200][000002B7B9B280C0 49] Android_Mid, [000002B7B9604B00][000002B7B9B2C240 49] Android_High, [000002B7B96BD200][000002B7B9B303C0 49] Android_Default, [000002B7B9605000][000002B7B9B34540 49] Android_Adreno4xx, [000002B7B96BE300][000002B7B9B386C0 49] Android_Adreno5xx_Low, [000002B7B9605A00][000002B7B9B3C840 49] Android_Adreno5xx, [000002B7B96BF300][000002B7B9B409C0 49] Android_Adreno6xx, [000002B7B9606600][000002B7B9B44B40 49] Android_Adreno6xx_Vulkan, [000002B7B96BEB00][000002B7B9B48CC0 49] Android_Mali_T6xx, [000002B7B9605F00][000002B7B875EE40 49] Android_Mali_T7xx, [000002B7B96BED00][000002B7B9B0CF80 49] Android_Mali_T8xx, [000002B7B9607800][000002B7B87630C0 49] Android_Mali_G71, [000002B7B96BC100][000002B7B8767200 49] Android_Mali_G72, [000002B7B9606200][000002B7B876B340 49] Android_Mali_G72_Vulkan, [000002B7B96BFA00][000002B7B87734C0 49] Android_Mali_G76, [000002B7B9606C00][000002B7B8777640 49] Android_Mali_G76_Vulkan, [000002B7B96BD300][000002B7B877B7C0 49] Android_Mali_G77, [000002B7B9605B00][000002B7B877F940 49] Android_Mali_G77_Vulkan, [000002B7B96BCD00][000002B7B8783AC0 49] Android_Mali_G78, [000002B7B9607400][000002B7B87860C0 49] Android_Mali_G78_Vulkan, [000002B7B96BC800][000002B7B878A240 49] Android_Mali_G710, [000002B7B9606B00][000002B7B878E3C0 49] Android_Mali_G710_Vulkan, [000002B7B96BF100][000002B7B8792540 49] Android_Vulkan_SM5, [000002B7B9606300][000002B7B87966C0 49] Android_PowerVR_G6xxx, [000002B7B96BCC00][000002B7B879A840 49] Android_PowerVR_GT7xxx, [000002B7B9617500][000002B7B879E9C0 49] Android_PowerVR_GE8xxx, [000002B7B96BF000][000002B7B87A2B40 49] Android_PowerVR_GM9xxx, [000002B7B9615E00][000002B7B87A6CC0 49] Android_PowerVR_GM9xxx_Vulkan, [000002B7B96BE000][000002B7B87AAE40 49] Android_TegraK1, [000002B7B9615A00][000002B7B87AEFC0 49] Android_Unknown_Vulkan, [000002B7B96BD900][000002B7B87B3140 49] Lumin, [000002B7B9617A00][000002B7B876F280 49] Lumin_Desktop, [000002B7B96BD600][000002B7B87B73C0 49] HoloLens, 
[2022.04.01-05.16.32:748][  0]LogMeshReduction: Using QuadricMeshReduction for automatic static mesh reduction
[2022.04.01-05.16.32:748][  0]LogMeshReduction: Using SimplygonMeshReduction for automatic skeletal mesh reduction
[2022.04.01-05.16.32:748][  0]LogMeshReduction: Using ProxyLODMeshReduction for automatic mesh merging
[2022.04.01-05.16.32:748][  0]LogMeshReduction: No distributed automatic mesh merging module available
[2022.04.01-05.16.32:748][  0]LogMeshMerging: No distributed automatic mesh merging module available
[2022.04.01-05.16.32:772][  0]LogNetVersion: StemmingTheDisaster 1.0.0, NetCL: 17155196, EngineNetVer: 17, GameNetVer: 0 (Checksum: 1996292483)
[2022.04.01-05.16.33:565][  0]LogTexture: Default maximum texture size for cubemaps generated from long-lat sources has been changed from 512 to unlimited. In order to preserve old behaiour for '/Engine/MapTemplates/Sky/DaylightAmbientCubemap.DaylightAmbientCubemap', its maximum texture size has been explicitly set to 512.
[2022.04.01-05.16.33:634][  0]LogHMD: PokeAHoleMaterial loaded successfully
[2022.04.01-05.16.33:640][  0]LogUObjectArray: 17178 objects as part of root set at end of initial load.
[2022.04.01-05.16.33:640][  0]LogUObjectAllocator: 4302048 out of 0 bytes used by permanent object pool.
[2022.04.01-05.16.33:640][  0]LogUObjectArray: CloseDisregardForGC: 0/0 objects in disregard for GC pool
[2022.04.01-05.16.33:945][  0]LogNiagaraDebuggerClient: Niagara Debugger Client Initialized | Session: 99B50677473C6E3EAEF009A78FC82E2C | Instance: 649234DF4EA28CE8E1708188BB97B89D (CAMERON-PC-4484).
[2022.04.01-05.16.34:089][  0]LogPython: Using Python 3.7.7
[2022.04.01-05.16.34:642][  0]LogTcpMessaging: Initializing TcpMessaging bridge
[2022.04.01-05.16.34:652][  0]LogUdpMessaging: Initializing bridge on interface 0.0.0.0:0 to multicast group 230.0.0.1:6666.
[2022.04.01-05.16.34:976][  0]SourceControl: Source control is disabled
[2022.04.01-05.16.34:976][  0]SourceControl: Source control is disabled
[2022.04.01-05.16.34:980][  0]SourceControl: Source control is disabled
[2022.04.01-05.16.34:985][  0]SourceControl: Source control is disabled
[2022.04.01-05.16.34:995][  0]SourceControl: Source control is disabled
[2022.04.01-05.16.35:002][  0]LogUProjectInfo: Found projects:
[2022.04.01-05.16.35:259][  0]LogOpenImageDenoise: OIDN starting up
[2022.04.01-05.16.35:291][  0]LogAndroidPermission: UAndroidPermissionCallbackProxy::GetInstance
[2022.04.01-05.16.35:316][  0]LogAudioCaptureCore: Display: No Audio Capture implementations found. Audio input will be silent.
[2022.04.01-05.16.35:316][  0]LogAudioCaptureCore: Display: No Audio Capture implementations found. Audio input will be silent.
[2022.04.01-05.16.35:478][  0]LogCollectionManager: Loaded 0 collections in 0.002432 seconds
[2022.04.01-05.16.35:510][  0]LogFileCache: Scanning file cache for directory 'C:/Users/Cameron/Pictures/Stemming-the-disaster/Saved/Collections/' took 0.00s
[2022.04.01-05.16.35:510][  0]LogFileCache: Scanning file cache for directory 'C:/Users/Cameron/Pictures/Stemming-the-disaster/Content/Developers/Cameron/Collections/' took 0.00s
[2022.04.01-05.16.35:510][  0]LogFileCache: Scanning file cache for directory 'C:/Users/Cameron/Pictures/Stemming-the-disaster/Content/Collections/' took 0.00s
[2022.04.01-05.16.35:510][  0]LogOcInput: OculusInput pre-init called
[2022.04.01-05.16.35:855][  0]LogEngine: Initializing Engine...
[2022.04.01-05.16.35:863][  0]LogHMD: Failed to enumerate extensions. Please check that you have a valid OpenXR runtime installed.
[2022.04.01-05.16.35:863][  0]LogHMD: Failed to initialize OpenVR with code 110
[2022.04.01-05.16.35:863][  0]LogMagicLeap: Warning: VR disabled because ZI is not enabled.  To enable, in the editor, Edit -> Project Settings -> Plugins -> Magic Leap Plugin -> Enable Zero Iteration
[2022.04.01-05.16.35:865][  0]LogStats: UGameplayTagsManager::InitializeManager -  0.000 s
[2022.04.01-05.16.35:986][  0]LogInit: Initializing FReadOnlyCVARCache
[2022.04.01-05.16.36:002][  0]LogAIModule: Creating AISystem for world Untitled
[2022.04.01-05.16.36:045][  0]LogAudio: Display: Initializing Audio Device Manager...
[2022.04.01-05.16.36:051][  0]LogAudio: Display: Loading Default Audio Settings Objects...
[2022.04.01-05.16.36:051][  0]LogAudio: Display: No default SoundConcurrencyObject specified (or failed to load).
[2022.04.01-05.16.36:052][  0]LogAudio: Display: Audio Device Manager Initialized
[2022.04.01-05.16.36:052][  0]LogAudio: Display: Creating Audio Device:                 Id: 1, Scope: Shared, Realtime: True
[2022.04.01-05.16.36:052][  0]LogAudioMixer: Display: Audio Mixer Platform Settings:
[2022.04.01-05.16.36:052][  0]LogAudioMixer: Display: 	Sample Rate:						  48000
[2022.04.01-05.16.36:052][  0]LogAudioMixer: Display: 	Callback Buffer Frame Size Requested: 1024
[2022.04.01-05.16.36:052][  0]LogAudioMixer: Display: 	Callback Buffer Frame Size To Use:	  1024
[2022.04.01-05.16.36:052][  0]LogAudioMixer: Display: 	Number of buffers to queue:			  2
[2022.04.01-05.16.36:052][  0]LogAudioMixer: Display: 	Max Channels (voices):				  32
[2022.04.01-05.16.36:052][  0]LogAudioMixer: Display: 	Number of Async Source Workers:		  0
[2022.04.01-05.16.36:052][  0]LogAudio: Display: AudioDevice MaxSources: 32
[2022.04.01-05.16.36:053][  0]LogAudio: Display: Audio Spatialization Plugin: None (built-in).
[2022.04.01-05.16.36:053][  0]LogAudio: Display: Audio Reverb Plugin: None (built-in).
[2022.04.01-05.16.36:053][  0]LogAudio: Display: Audio Occlusion Plugin: None (built-in).
[2022.04.01-05.16.36:053][  0]LogAudioMixer: Display: Initializing audio mixer.
[2022.04.01-05.16.36:069][  0]LogAudioMixer: Display: 0: FrontLeft
[2022.04.01-05.16.36:069][  0]LogAudioMixer: Display: 1: FrontRight
[2022.04.01-05.16.36:295][  0]LogAudioMixer: Display: Using Audio Device Speakers (Realtek High Definition Audio(SST))
[2022.04.01-05.16.36:298][  0]LogAudioMixer: Display: Initializing Sound Submixes...
[2022.04.01-05.16.36:300][  0]LogAudioMixer: Display: Creating Master Submix 'MasterSubmixDefault'
[2022.04.01-05.16.36:300][  0]LogAudioMixer: Display: Creating Master Submix 'MasterReverbSubmixDefault'
[2022.04.01-05.16.36:301][  0]LogAudioMixer: Display: Creating Master Submix 'MasterEQSubmixDefault'
[2022.04.01-05.16.36:301][  0]LogAudioMixer: FMixerPlatformXAudio2::StartAudioStream() called
[2022.04.01-05.16.36:301][  0]LogAudioMixer: Display: Output buffers initialized: Frames=1024, Channels=2, Samples=2048
[2022.04.01-05.16.36:302][  0]LogAudioMixer: Display: Starting AudioMixerPlatformInterface::RunInternal()
[2022.04.01-05.16.36:302][  0]LogAudioMixer: Display: FMixerPlatformXAudio2::SubmitBuffer() called for the first time
[2022.04.01-05.16.36:302][  0]LogInit: FAudioDevice initialized.
[2022.04.01-05.16.36:302][  0]LogAudio: Display: Audio Device (ID: 1) registered with world 'Untitled'.
[2022.04.01-05.16.36:302][  0]LogNetVersion: Set ProjectVersion to 1.0.0.0. Version Checksum will be recalculated on next use.
[2022.04.01-05.16.36:417][  0]LogDerivedDataCache: Saved boot cache 0.11s 94MB C:/Users/Cameron/AppData/Local/UnrealEngine/4.27/DerivedDataCache/Boot.ddc.
[2022.04.01-05.16.36:418][  0]LogInit: Texture streaming: Enabled
[2022.04.01-05.16.36:439][  0]LogAnalytics: Display: [UEEditor.Rocket.Release] APIServer = https://datarouter.ol.epicgames.com/. AppVersion = 4.27.2-18319896+++UE4+Release-4.27
[2022.04.01-05.16.36:445][  0]LogEngineSessionManager: EngineSessionManager initialized
[2022.04.01-05.16.36:445][  0]LogEditorSessionSummary: Verbose: Initializing EditorSessionSummaryWriter for editor session tracking
[2022.04.01-05.16.36:449][  0]LogEditorSessionSummary: EditorSessionSummaryWriter initialized
[2022.04.01-05.16.36:491][  0]LogInit: Transaction tracking system initialized
[2022.04.01-05.16.36:513][  0]BlueprintLog: New page: Editor Load
[2022.04.01-05.16.36:586][  0]LocalizationService: Localization service is disabled
[2022.04.01-05.16.36:617][  0]TimingProfiler: Initialize
[2022.04.01-05.16.36:618][  0]TimingProfiler: OnSessionChanged
[2022.04.01-05.16.36:618][  0]LoadingProfiler: Initialize
[2022.04.01-05.16.36:618][  0]LoadingProfiler: OnSessionChanged
[2022.04.01-05.16.36:618][  0]NetworkingProfiler: Initialize
[2022.04.01-05.16.36:618][  0]NetworkingProfiler: OnSessionChanged
[2022.04.01-05.16.36:618][  0]MemoryProfiler: Initialize
[2022.04.01-05.16.36:618][  0]MemoryProfiler: OnSessionChanged
[2022.04.01-05.16.36:878][  0]LogCook: Display: CookSettings for Memory: MemoryMaxUsedVirtual 0MiB, MemoryMaxUsedPhysical 16384MiB, MemoryMinFreeVirtual 0MiB, MemoryMinFreePhysical 1024MiB
[2022.04.01-05.16.36:879][  0]LogCook: Display: Mobile HDR setting 1
[2022.04.01-05.16.36:974][  0]LogFileCache: Scanning file cache for directory 'C:/Users/Cameron/Pictures/Stemming-the-disaster/Content/' took 0.01s
[2022.04.01-05.16.37:555][  0]LogInit: Display: Engine is initialized. Leaving FEngineLoop::Init()
[2022.04.01-05.16.37:560][  0]SourceControl: Source control is disabled
[2022.04.01-05.16.37:690][  0]LogSlate: Took 0.000232 seconds to synchronously load lazily loaded font '../../../Engine/Content/Slate/Fonts/Roboto-Regular.ttf' (155K)
[2022.04.01-05.17.04:460][  0]LogSlate: Window 'Restore Packages' being destroyed
[2022.04.01-05.17.04:477][  0]LogUnrealEdMisc: Loading editor; pre map load, took 36.457
[2022.04.01-05.17.04:478][  0]Cmd: MAP LOAD FILE="../../../../../../Users/Cameron/Pictures/Stemming-the-disaster/Content/StarterContent/Maps/Minimal_Default.umap" TEMPLATE=0 SHOWPROGRESS=1 FEATURELEVEL=3
[2022.04.01-05.17.04:480][  0]LightingResults: New page: Lighting Build
[2022.04.01-05.17.04:482][  0]LogWorld: UWorld::CleanupWorld for Untitled, bSessionEnded=true, bCleanupResources=true
[2022.04.01-05.17.04:483][  0]LogSlate: InvalidateAllWidgets triggered.  All widgets were invalidated
[2022.04.01-05.17.04:483][  0]MapCheck: New page: Map Check
[2022.04.01-05.17.04:483][  0]LightingResults: New page: Lighting Build
[2022.04.01-05.17.04:491][  0]LogAudio: Display: Audio Device unregistered from world 'None'.
[2022.04.01-05.17.04:495][  0]LogUObjectHash: Compacting FUObjectHashTables data took   1.07ms
[2022.04.01-05.17.04:561][  0]LogLinker: Error: HOTRELOADED_SD_GameInstance_0 has an inappropriate outermost, it was probably saved with a deprecated outer (file: ../../../../../../Users/Cameron/Pictures/Stemming-the-disaster/Content/StarterContent/Maps/Minimal_Default.umap)
[2022.04.01-05.17.04:561][  0]LogLinker: Error: HOTRELOADED_SD_GameInstance_0 has an inappropriate outermost, it was probably saved with a deprecated outer (file: ../../../../../../Users/Cameron/Pictures/Stemming-the-disaster/Content/StarterContent/Maps/Minimal_Default.umap)
[2022.04.01-05.17.04:561][  0]LogLinker: Error: HOTRELOADED_SD_GameInstance_0 has an inappropriate outermost, it was probably saved with a deprecated outer (file: ../../../../../../Users/Cameron/Pictures/Stemming-the-disaster/Content/StarterContent/Maps/Minimal_Default.umap)
[2022.04.01-05.17.04:845][  0]LogLinker: Error: HOTRELOADED_SD_GameInstance_0 has an inappropriate outermost, it was probably saved with a deprecated outer (file: ../../../../../../Users/Cameron/Pictures/Stemming-the-disaster/Content/UIWidgets/InteractableInfoWidget.uasset)
[2022.04.01-05.17.04:845][  0]LogLinker: Error: HOTRELOADED_SD_GameInstance_0 has an inappropriate outermost, it was probably saved with a deprecated outer (file: ../../../../../../Users/Cameron/Pictures/Stemming-the-disaster/Content/UIWidgets/InteractableInfoWidget.uasset)
[2022.04.01-05.17.04:845][  0]LogLinker: Error: HOTRELOADED_SD_GameInstance_0 has an inappropriate outermost, it was probably saved with a deprecated outer (file: ../../../../../../Users/Cameron/Pictures/Stemming-the-disaster/Content/UIWidgets/InteractableInfoWidget.uasset)
[2022.04.01-05.17.04:845][  0]LogLinker: Error: HOTRELOADED_SD_GameInstance_0 has an inappropriate outermost, it was probably saved with a deprecated outer (file: ../../../../../../Users/Cameron/Pictures/Stemming-the-disaster/Content/UIWidgets/InteractableInfoWidget.uasset)
[2022.04.01-05.17.04:845][  0]LogLinker: Error: HOTRELOADED_SD_GameInstance_0 has an inappropriate outermost, it was probably saved with a deprecated outer (file: ../../../../../../Users/Cameron/Pictures/Stemming-the-disaster/Content/UIWidgets/InteractableInfoWidget.uasset)
[2022.04.01-05.17.04:845][  0]LogLinker: Error: HOTRELOADED_SD_GameInstance_0 has an inappropriate outermost, it was probably saved with a deprecated outer (file: ../../../../../../Users/Cameron/Pictures/Stemming-the-disaster/Content/UIWidgets/InteractableInfoWidget.uasset)
[2022.04.01-05.17.04:845][  0]LogLinker: Error: HOTRELOADED_SD_GameInstance_0 has an inappropriate outermost, it was probably saved with a deprecated outer (file: ../../../../../../Users/Cameron/Pictures/Stemming-the-disaster/Content/UIWidgets/InteractableInfoWidget.uasset)
[2022.04.01-05.17.04:845][  0]LogLinker: Error: HOTRELOADED_SD_GameInstance_0 has an inappropriate outermost, it was probably saved with a deprecated outer (file: ../../../../../../Users/Cameron/Pictures/Stemming-the-disaster/Content/UIWidgets/InteractableInfoWidget.uasset)
[2022.04.01-05.17.04:854][  0]LogLinker: Error: HOTRELOADED_SD_GameInstance_0 has an inappropriate outermost, it was probably saved with a deprecated outer (file: ../../../../../../Users/Cameron/Pictures/Stemming-the-disaster/Content/StarterContent/Maps/Minimal_Default.umap)
[2022.04.01-05.17.04:854][  0]LogLinker: Error: HOTRELOADED_SD_GameInstance_0 has an inappropriate outermost, it was probably saved with a deprecated outer (file: ../../../../../../Users/Cameron/Pictures/Stemming-the-disaster/Content/StarterContent/Maps/Minimal_Default.umap)
[2022.04.01-05.17.04:854][  0]LogLinker: Error: HOTRELOADED_SD_GameInstance_0 has an inappropriate outermost, it was probably saved with a deprecated outer (file: ../../../../../../Users/Cameron/Pictures/Stemming-the-disaster/Content/StarterContent/Maps/Minimal_Default.umap)
[2022.04.01-05.17.05:012][  0]LogAudio: Display: Audio Device (ID: 1) registered with world 'Minimal_Default'.
[2022.04.01-05.17.05:013][  0]LogAIModule: Creating AISystem for world Minimal_Default
[2022.04.01-05.17.05:021][  0]LogEditorServer: Finished looking for orphan Actors (0.000 secs)
[2022.04.01-05.17.05:035][  0]LogUObjectHash: Compacting FUObjectHashTables data took   0.90ms
[2022.04.01-05.17.05:035][  0]Cmd: MAP CHECKDEP NOCLEARLOG
[2022.04.01-05.17.05:036][  0]MapCheck: Map check complete: 0 Error(s), 0 Warning(s), took 0.204ms to complete.
[2022.04.01-05.17.05:036][  0]LogFileHelpers: Loading map 'Minimal_Default' took 0.558
[2022.04.01-05.17.05:040][  0]LogUnrealEdMisc: Total Editor Startup Time, took 37.020
[2022.04.01-05.17.05:219][  0]LogSlate: Updating window title bar state: overlay mode, drag disabled, window buttons hidden, title bar hidden
[2022.04.01-05.17.05:231][  0]LogSlate: Updating window title bar state: overlay mode, drag disabled, window buttons hidden, title bar hidden
[2022.04.01-05.17.05:239][  0]LogSlate: Updating window title bar state: overlay mode, drag disabled, window buttons hidden, title bar hidden
[2022.04.01-05.17.05:247][  0]LogSlate: Updating window title bar state: overlay mode, drag disabled, window buttons hidden, title bar hidden
[2022.04.01-05.17.05:274][  0]LogNativeClassHierarchy: Verbose: Native class hierarchy populated in 0.0100 seconds. Added 3832 classes and 931 folders.
[2022.04.01-05.17.05:281][  0]LogNativeClassHierarchy: Verbose: Native class hierarchy updated for 'WidgetCarousel' in 0.0003 seconds. Added 0 classes and 0 folders.
[2022.04.01-05.17.05:296][  0]LogPakFile: PakFile PrimaryIndexSize=187
[2022.04.01-05.17.05:296][  0]LogPakFile: PakFile PathHashIndexSize=101
[2022.04.01-05.17.05:296][  0]LogPakFile: PakFile FullDirectoryIndexSize=148
[2022.04.01-05.17.05:296][  0]LogShaderLibrary: Display: ShaderCodeLibraryPakFileMountedCallback: PakFile 'C:/Program Files/Epic Games/UE_4.27/FeaturePacks/FP_FirstPerson.upack' (chunk index -1, root 'root:/') mounted
[2022.04.01-05.17.05:296][  0]LogShaderLibrary: Display: ShaderCodeLibraryPakFileMountedCallback: pending pak file info (ChunkID:-1 Root:root:/ File:C:/Program Files/Epic Games/UE_4.27/FeaturePacks/FP_FirstPerson.upack)
[2022.04.01-05.17.05:297][  0]LogPakFile: OnPakFileMounted2Time == 0.000981
[2022.04.01-05.17.05:305][  0]LogPakFile: PakFile PrimaryIndexSize=189
[2022.04.01-05.17.05:305][  0]LogPakFile: PakFile PathHashIndexSize=101
[2022.04.01-05.17.05:305][  0]LogPakFile: PakFile FullDirectoryIndexSize=152
[2022.04.01-05.17.05:305][  0]LogShaderLibrary: Display: ShaderCodeLibraryPakFileMountedCallback: PakFile 'C:/Program Files/Epic Games/UE_4.27/FeaturePacks/FP_FirstPersonBP.upack' (chunk index -1, root 'root:/') mounted
[2022.04.01-05.17.05:305][  0]LogShaderLibrary: Display: ShaderCodeLibraryPakFileMountedCallback: pending pak file info (ChunkID:-1 Root:root:/ File:C:/Program Files/Epic Games/UE_4.27/FeaturePacks/FP_FirstPersonBP.upack)
[2022.04.01-05.17.05:305][  0]LogPakFile: OnPakFileMounted2Time == 0.000047
[2022.04.01-05.17.05:312][  0]LogPakFile: PakFile PrimaryIndexSize=191
[2022.04.01-05.17.05:312][  0]LogPakFile: PakFile PathHashIndexSize=101
[2022.04.01-05.17.05:312][  0]LogPakFile: PakFile FullDirectoryIndexSize=160
[2022.04.01-05.17.05:312][  0]LogShaderLibrary: Display: ShaderCodeLibraryPakFileMountedCallback: PakFile 'C:/Program Files/Epic Games/UE_4.27/FeaturePacks/MobileStarterContent.upack' (chunk index -1, root 'root:/') mounted
[2022.04.01-05.17.05:312][  0]LogShaderLibrary: Display: ShaderCodeLibraryPakFileMountedCallback: pending pak file info (ChunkID:-1 Root:root:/ File:C:/Program Files/Epic Games/UE_4.27/FeaturePacks/MobileStarterContent.upack)
[2022.04.01-05.17.05:312][  0]LogPakFile: OnPakFileMounted2Time == 0.000080
[2022.04.01-05.17.05:318][  0]LogPakFile: PakFile PrimaryIndexSize=185
[2022.04.01-05.17.05:319][  0]LogPakFile: PakFile PathHashIndexSize=101
[2022.04.01-05.17.05:319][  0]LogPakFile: PakFile FullDirectoryIndexSize=148
[2022.04.01-05.17.05:319][  0]LogShaderLibrary: Display: ShaderCodeLibraryPakFileMountedCallback: PakFile 'C:/Program Files/Epic Games/UE_4.27/FeaturePacks/StarterContent.upack' (chunk index -1, root 'root:/') mounted
[2022.04.01-05.17.05:319][  0]LogShaderLibrary: Display: ShaderCodeLibraryPakFileMountedCallback: pending pak file info (ChunkID:-1 Root:root:/ File:C:/Program Files/Epic Games/UE_4.27/FeaturePacks/StarterContent.upack)
[2022.04.01-05.17.05:319][  0]LogPakFile: OnPakFileMounted2Time == 0.000058
[2022.04.01-05.17.05:326][  0]LogPakFile: PakFile PrimaryIndexSize=190
[2022.04.01-05.17.05:326][  0]LogPakFile: PakFile PathHashIndexSize=101
[2022.04.01-05.17.05:326][  0]LogPakFile: PakFile FullDirectoryIndexSize=154
[2022.04.01-05.17.05:326][  0]LogShaderLibrary: Display: ShaderCodeLibraryPakFileMountedCallback: PakFile 'C:/Program Files/Epic Games/UE_4.27/FeaturePacks/TP_2DSideScroller.upack' (chunk index -1, root 'root:/') mounted
[2022.04.01-05.17.05:326][  0]LogShaderLibrary: Display: ShaderCodeLibraryPakFileMountedCallback: pending pak file info (ChunkID:-1 Root:root:/ File:C:/Program Files/Epic Games/UE_4.27/FeaturePacks/TP_2DSideScroller.upack)
[2022.04.01-05.17.05:326][  0]LogPakFile: OnPakFileMounted2Time == 0.000054
[2022.04.01-05.17.05:331][  0]LogPakFile: PakFile PrimaryIndexSize=192
[2022.04.01-05.17.05:331][  0]LogPakFile: PakFile PathHashIndexSize=101
[2022.04.01-05.17.05:331][  0]LogPakFile: PakFile FullDirectoryIndexSize=158
[2022.04.01-05.17.05:332][  0]LogShaderLibrary: Display: ShaderCodeLibraryPakFileMountedCallback: PakFile 'C:/Program Files/Epic Games/UE_4.27/FeaturePacks/TP_2DSideScrollerBP.upack' (chunk index -1, root 'root:/') mounted
[2022.04.01-05.17.05:332][  0]LogShaderLibrary: Display: ShaderCodeLibraryPakFileMountedCallback: pending pak file info (ChunkID:-1 Root:root:/ File:C:/Program Files/Epic Games/UE_4.27/FeaturePacks/TP_2DSideScrollerBP.upack)
[2022.04.01-05.17.05:332][  0]LogPakFile: OnPakFileMounted2Time == 0.000053
[2022.04.01-05.17.05:337][  0]LogPakFile: PakFile PrimaryIndexSize=182
[2022.04.01-05.17.05:337][  0]LogPakFile: PakFile PathHashIndexSize=101
[2022.04.01-05.17.05:337][  0]LogPakFile: PakFile FullDirectoryIndexSize=138
[2022.04.01-05.17.05:337][  0]LogShaderLibrary: Display: ShaderCodeLibraryPakFileMountedCallback: PakFile 'C:/Program Files/Epic Games/UE_4.27/FeaturePacks/TP_Flying.upack' (chunk index -1, root 'root:/') mounted
[2022.04.01-05.17.05:337][  0]LogShaderLibrary: Display: ShaderCodeLibraryPakFileMountedCallback: pending pak file info (ChunkID:-1 Root:root:/ File:C:/Program Files/Epic Games/UE_4.27/FeaturePacks/TP_Flying.upack)
[2022.04.01-05.17.05:337][  0]LogPakFile: OnPakFileMounted2Time == 0.000057
[2022.04.01-05.17.05:343][  0]LogPakFile: PakFile PrimaryIndexSize=184
[2022.04.01-05.17.05:343][  0]LogPakFile: PakFile PathHashIndexSize=101
[2022.04.01-05.17.05:343][  0]LogPakFile: PakFile FullDirectoryIndexSize=142
[2022.04.01-05.17.05:343][  0]LogShaderLibrary: Display: ShaderCodeLibraryPakFileMountedCallback: PakFile 'C:/Program Files/Epic Games/UE_4.27/FeaturePacks/TP_FlyingBP.upack' (chunk index -1, root 'root:/') mounted
[2022.04.01-05.17.05:343][  0]LogShaderLibrary: Display: ShaderCodeLibraryPakFileMountedCallback: pending pak file info (ChunkID:-1 Root:root:/ File:C:/Program Files/Epic Games/UE_4.27/FeaturePacks/TP_FlyingBP.upack)
[2022.04.01-05.17.05:343][  0]LogPakFile: OnPakFileMounted2Time == 0.000042
[2022.04.01-05.17.05:350][  0]LogPakFile: PakFile PrimaryIndexSize=188
[2022.04.01-05.17.05:350][  0]LogPakFile: PakFile PathHashIndexSize=101
[2022.04.01-05.17.05:350][  0]LogPakFile: PakFile FullDirectoryIndexSize=150
[2022.04.01-05.17.05:350][  0]LogShaderLibrary: Display: ShaderCodeLibraryPakFileMountedCallback: PakFile 'C:/Program Files/Epic Games/UE_4.27/FeaturePacks/TP_HandheldARBP.upack' (chunk index -1, root 'root:/') mounted
[2022.04.01-05.17.05:350][  0]LogShaderLibrary: Display: ShaderCodeLibraryPakFileMountedCallback: pending pak file info (ChunkID:-1 Root:root:/ File:C:/Program Files/Epic Games/UE_4.27/FeaturePacks/TP_HandheldARBP.upack)
[2022.04.01-05.17.05:350][  0]LogPakFile: OnPakFileMounted2Time == 0.000046
[2022.04.01-05.17.05:357][  0]LogPakFile: PakFile PrimaryIndexSize=182
[2022.04.01-05.17.05:357][  0]LogPakFile: PakFile PathHashIndexSize=101
[2022.04.01-05.17.05:357][  0]LogPakFile: PakFile FullDirectoryIndexSize=138
[2022.04.01-05.17.05:357][  0]LogShaderLibrary: Display: ShaderCodeLibraryPakFileMountedCallback: PakFile 'C:/Program Files/Epic Games/UE_4.27/FeaturePacks/TP_Puzzle.upack' (chunk index -1, root 'root:/') mounted
[2022.04.01-05.17.05:357][  0]LogShaderLibrary: Display: ShaderCodeLibraryPakFileMountedCallback: pending pak file info (ChunkID:-1 Root:root:/ File:C:/Program Files/Epic Games/UE_4.27/FeaturePacks/TP_Puzzle.upack)
[2022.04.01-05.17.05:357][  0]LogPakFile: OnPakFileMounted2Time == 0.000041
[2022.04.01-05.17.05:362][  0]LogPakFile: PakFile PrimaryIndexSize=184
[2022.04.01-05.17.05:362][  0]LogPakFile: PakFile PathHashIndexSize=101
[2022.04.01-05.17.05:362][  0]LogPakFile: PakFile FullDirectoryIndexSize=142
[2022.04.01-05.17.05:362][  0]LogShaderLibrary: Display: ShaderCodeLibraryPakFileMountedCallback: PakFile 'C:/Program Files/Epic Games/UE_4.27/FeaturePacks/TP_PuzzleBP.upack' (chunk index -1, root 'root:/') mounted
[2022.04.01-05.17.05:362][  0]LogShaderLibrary: Display: ShaderCodeLibraryPakFileMountedCallback: pending pak file info (ChunkID:-1 Root:root:/ File:C:/Program Files/Epic Games/UE_4.27/FeaturePacks/TP_PuzzleBP.upack)
[2022.04.01-05.17.05:362][  0]LogPakFile: OnPakFileMounted2Time == 0.000044
[2022.04.01-05.17.05:368][  0]LogPakFile: PakFile PrimaryIndexSize=183
[2022.04.01-05.17.05:368][  0]LogPakFile: PakFile PathHashIndexSize=101
[2022.04.01-05.17.05:368][  0]LogPakFile: PakFile FullDirectoryIndexSize=140
[2022.04.01-05.17.05:368][  0]LogShaderLibrary: Display: ShaderCodeLibraryPakFileMountedCallback: PakFile 'C:/Program Files/Epic Games/UE_4.27/FeaturePacks/TP_Rolling.upack' (chunk index -1, root 'root:/') mounted
[2022.04.01-05.17.05:368][  0]LogShaderLibrary: Display: ShaderCodeLibraryPakFileMountedCallback: pending pak file info (ChunkID:-1 Root:root:/ File:C:/Program Files/Epic Games/UE_4.27/FeaturePacks/TP_Rolling.upack)
[2022.04.01-05.17.05:368][  0]LogPakFile: OnPakFileMounted2Time == 0.000041
[2022.04.01-05.17.05:373][  0]LogPakFile: PakFile PrimaryIndexSize=185
[2022.04.01-05.17.05:374][  0]LogPakFile: PakFile PathHashIndexSize=101
[2022.04.01-05.17.05:374][  0]LogPakFile: PakFile FullDirectoryIndexSize=144
[2022.04.01-05.17.05:374][  0]LogShaderLibrary: Display: ShaderCodeLibraryPakFileMountedCallback: PakFile 'C:/Program Files/Epic Games/UE_4.27/FeaturePacks/TP_RollingBP.upack' (chunk index -1, root 'root:/') mounted
[2022.04.01-05.17.05:374][  0]LogShaderLibrary: Display: ShaderCodeLibraryPakFileMountedCallback: pending pak file info (ChunkID:-1 Root:root:/ File:C:/Program Files/Epic Games/UE_4.27/FeaturePacks/TP_RollingBP.upack)
[2022.04.01-05.17.05:374][  0]LogPakFile: OnPakFileMounted2Time == 0.000045
[2022.04.01-05.17.05:379][  0]LogPakFile: PakFile PrimaryIndexSize=188
[2022.04.01-05.17.05:379][  0]LogPakFile: PakFile PathHashIndexSize=101
[2022.04.01-05.17.05:379][  0]LogPakFile: PakFile FullDirectoryIndexSize=150
[2022.04.01-05.17.05:379][  0]LogShaderLibrary: Display: ShaderCodeLibraryPakFileMountedCallback: PakFile 'C:/Program Files/Epic Games/UE_4.27/FeaturePacks/TP_SideScroller.upack' (chunk index -1, root 'root:/') mounted
[2022.04.01-05.17.05:379][  0]LogShaderLibrary: Display: ShaderCodeLibraryPakFileMountedCallback: pending pak file info (ChunkID:-1 Root:root:/ File:C:/Program Files/Epic Games/UE_4.27/FeaturePacks/TP_SideScroller.upack)
[2022.04.01-05.17.05:379][  0]LogPakFile: OnPakFileMounted2Time == 0.000044
[2022.04.01-05.17.05:384][  0]LogPakFile: PakFile PrimaryIndexSize=190
[2022.04.01-05.17.05:384][  0]LogPakFile: PakFile PathHashIndexSize=101
[2022.04.01-05.17.05:384][  0]LogPakFile: PakFile FullDirectoryIndexSize=154
[2022.04.01-05.17.05:384][  0]LogShaderLibrary: Display: ShaderCodeLibraryPakFileMountedCallback: PakFile 'C:/Program Files/Epic Games/UE_4.27/FeaturePacks/TP_SideScrollerBP.upack' (chunk index -1, root 'root:/') mounted
[2022.04.01-05.17.05:384][  0]LogShaderLibrary: Display: ShaderCodeLibraryPakFileMountedCallback: pending pak file info (ChunkID:-1 Root:root:/ File:C:/Program Files/Epic Games/UE_4.27/FeaturePacks/TP_SideScrollerBP.upack)
[2022.04.01-05.17.05:385][  0]LogPakFile: OnPakFileMounted2Time == 0.000048
[2022.04.01-05.17.05:393][  0]LogPakFile: PakFile PrimaryIndexSize=187
[2022.04.01-05.17.05:393][  0]LogPakFile: PakFile PathHashIndexSize=101
[2022.04.01-05.17.05:393][  0]LogPakFile: PakFile FullDirectoryIndexSize=148
[2022.04.01-05.17.05:393][  0]LogShaderLibrary: Display: ShaderCodeLibraryPakFileMountedCallback: PakFile 'C:/Program Files/Epic Games/UE_4.27/FeaturePacks/TP_ThirdPerson.upack' (chunk index -1, root 'root:/') mounted
[2022.04.01-05.17.05:393][  0]LogShaderLibrary: Display: ShaderCodeLibraryPakFileMountedCallback: pending pak file info (ChunkID:-1 Root:root:/ File:C:/Program Files/Epic Games/UE_4.27/FeaturePacks/TP_ThirdPerson.upack)
[2022.04.01-05.17.05:393][  0]LogPakFile: OnPakFileMounted2Time == 0.000048
[2022.04.01-05.17.05:399][  0]LogPakFile: PakFile PrimaryIndexSize=189
[2022.04.01-05.17.05:399][  0]LogPakFile: PakFile PathHashIndexSize=101
[2022.04.01-05.17.05:399][  0]LogPakFile: PakFile FullDirectoryIndexSize=152
[2022.04.01-05.17.05:400][  0]LogShaderLibrary: Display: ShaderCodeLibraryPakFileMountedCallback: PakFile 'C:/Program Files/Epic Games/UE_4.27/FeaturePacks/TP_ThirdPersonBP.upack' (chunk index -1, root 'root:/') mounted
[2022.04.01-05.17.05:400][  0]LogShaderLibrary: Display: ShaderCodeLibraryPakFileMountedCallback: pending pak file info (ChunkID:-1 Root:root:/ File:C:/Program Files/Epic Games/UE_4.27/FeaturePacks/TP_ThirdPersonBP.upack)
[2022.04.01-05.17.05:400][  0]LogPakFile: OnPakFileMounted2Time == 0.000054
[2022.04.01-05.17.05:407][  0]LogPakFile: PakFile PrimaryIndexSize=183
[2022.04.01-05.17.05:407][  0]LogPakFile: PakFile PathHashIndexSize=101
[2022.04.01-05.17.05:407][  0]LogPakFile: PakFile FullDirectoryIndexSize=140
[2022.04.01-05.17.05:407][  0]LogShaderLibrary: Display: ShaderCodeLibraryPakFileMountedCallback: PakFile 'C:/Program Files/Epic Games/UE_4.27/FeaturePacks/TP_TopDown.upack' (chunk index -1, root 'root:/') mounted
[2022.04.01-05.17.05:407][  0]LogShaderLibrary: Display: ShaderCodeLibraryPakFileMountedCallback: pending pak file info (ChunkID:-1 Root:root:/ File:C:/Program Files/Epic Games/UE_4.27/FeaturePacks/TP_TopDown.upack)
[2022.04.01-05.17.05:407][  0]LogPakFile: OnPakFileMounted2Time == 0.000055
[2022.04.01-05.17.05:413][  0]LogPakFile: PakFile PrimaryIndexSize=185
[2022.04.01-05.17.05:413][  0]LogPakFile: PakFile PathHashIndexSize=101
[2022.04.01-05.17.05:413][  0]LogPakFile: PakFile FullDirectoryIndexSize=144
[2022.04.01-05.17.05:413][  0]LogShaderLibrary: Display: ShaderCodeLibraryPakFileMountedCallback: PakFile 'C:/Program Files/Epic Games/UE_4.27/FeaturePacks/TP_TopDownBP.upack' (chunk index -1, root 'root:/') mounted
[2022.04.01-05.17.05:413][  0]LogShaderLibrary: Display: ShaderCodeLibraryPakFileMountedCallback: pending pak file info (ChunkID:-1 Root:root:/ File:C:/Program Files/Epic Games/UE_4.27/FeaturePacks/TP_TopDownBP.upack)
[2022.04.01-05.17.05:413][  0]LogPakFile: OnPakFileMounted2Time == 0.000041
[2022.04.01-05.17.05:423][  0]LogPakFile: PakFile PrimaryIndexSize=185
[2022.04.01-05.17.05:423][  0]LogPakFile: PakFile PathHashIndexSize=101
[2022.04.01-05.17.05:423][  0]LogPakFile: PakFile FullDirectoryIndexSize=144
[2022.04.01-05.17.05:423][  0]LogShaderLibrary: Display: ShaderCodeLibraryPakFileMountedCallback: PakFile 'C:/Program Files/Epic Games/UE_4.27/FeaturePacks/TP_TwinStick.upack' (chunk index -1, root 'root:/') mounted
[2022.04.01-05.17.05:423][  0]LogShaderLibrary: Display: ShaderCodeLibraryPakFileMountedCallback: pending pak file info (ChunkID:-1 Root:root:/ File:C:/Program Files/Epic Games/UE_4.27/FeaturePacks/TP_TwinStick.upack)
[2022.04.01-05.17.05:423][  0]LogPakFile: OnPakFileMounted2Time == 0.000043
[2022.04.01-05.17.05:428][  0]LogPakFile: PakFile PrimaryIndexSize=187
[2022.04.01-05.17.05:428][  0]LogPakFile: PakFile PathHashIndexSize=101
[2022.04.01-05.17.05:428][  0]LogPakFile: PakFile FullDirectoryIndexSize=148
[2022.04.01-05.17.05:428][  0]LogShaderLibrary: Display: ShaderCodeLibraryPakFileMountedCallback: PakFile 'C:/Program Files/Epic Games/UE_4.27/FeaturePacks/TP_TwinStickBP.upack' (chunk index -1, root 'root:/') mounted
[2022.04.01-05.17.05:428][  0]LogShaderLibrary: Display: ShaderCodeLibraryPakFileMountedCallback: pending pak file info (ChunkID:-1 Root:root:/ File:C:/Program Files/Epic Games/UE_4.27/FeaturePacks/TP_TwinStickBP.upack)
[2022.04.01-05.17.05:428][  0]LogPakFile: OnPakFileMounted2Time == 0.000067
[2022.04.01-05.17.05:434][  0]LogPakFile: PakFile PrimaryIndexSize=183
[2022.04.01-05.17.05:434][  0]LogPakFile: PakFile PathHashIndexSize=101
[2022.04.01-05.17.05:434][  0]LogPakFile: PakFile FullDirectoryIndexSize=140
[2022.04.01-05.17.05:434][  0]LogShaderLibrary: Display: ShaderCodeLibraryPakFileMountedCallback: PakFile 'C:/Program Files/Epic Games/UE_4.27/FeaturePacks/TP_Vehicle.upack' (chunk index -1, root 'root:/') mounted
[2022.04.01-05.17.05:434][  0]LogShaderLibrary: Display: ShaderCodeLibraryPakFileMountedCallback: pending pak file info (ChunkID:-1 Root:root:/ File:C:/Program Files/Epic Games/UE_4.27/FeaturePacks/TP_Vehicle.upack)
[2022.04.01-05.17.05:434][  0]LogPakFile: OnPakFileMounted2Time == 0.000046
[2022.04.01-05.17.05:440][  0]LogPakFile: PakFile PrimaryIndexSize=186
[2022.04.01-05.17.05:440][  0]LogPakFile: PakFile PathHashIndexSize=101
[2022.04.01-05.17.05:440][  0]LogPakFile: PakFile FullDirectoryIndexSize=146
[2022.04.01-05.17.05:440][  0]LogShaderLibrary: Display: ShaderCodeLibraryPakFileMountedCallback: PakFile 'C:/Program Files/Epic Games/UE_4.27/FeaturePacks/TP_VehicleAdv.upack' (chunk index -1, root 'root:/') mounted
[2022.04.01-05.17.05:440][  0]LogShaderLibrary: Display: ShaderCodeLibraryPakFileMountedCallback: pending pak file info (ChunkID:-1 Root:root:/ File:C:/Program Files/Epic Games/UE_4.27/FeaturePacks/TP_VehicleAdv.upack)
[2022.04.01-05.17.05:440][  0]LogPakFile: OnPakFileMounted2Time == 0.000040
[2022.04.01-05.17.05:448][  0]LogPakFile: PakFile PrimaryIndexSize=188
[2022.04.01-05.17.05:448][  0]LogPakFile: PakFile PathHashIndexSize=101
[2022.04.01-05.17.05:448][  0]LogPakFile: PakFile FullDirectoryIndexSize=150
[2022.04.01-05.17.05:448][  0]LogShaderLibrary: Display: ShaderCodeLibraryPakFileMountedCallback: PakFile 'C:/Program Files/Epic Games/UE_4.27/FeaturePacks/TP_VehicleAdvBP.upack' (chunk index -1, root 'root:/') mounted
[2022.04.01-05.17.05:448][  0]LogShaderLibrary: Display: ShaderCodeLibraryPakFileMountedCallback: pending pak file info (ChunkID:-1 Root:root:/ File:C:/Program Files/Epic Games/UE_4.27/FeaturePacks/TP_VehicleAdvBP.upack)
[2022.04.01-05.17.05:448][  0]LogPakFile: OnPakFileMounted2Time == 0.000041
[2022.04.01-05.17.05:453][  0]LogPakFile: PakFile PrimaryIndexSize=185
[2022.04.01-05.17.05:453][  0]LogPakFile: PakFile PathHashIndexSize=101
[2022.04.01-05.17.05:453][  0]LogPakFile: PakFile FullDirectoryIndexSize=144
[2022.04.01-05.17.05:453][  0]LogShaderLibrary: Display: ShaderCodeLibraryPakFileMountedCallback: PakFile 'C:/Program Files/Epic Games/UE_4.27/FeaturePacks/TP_VehicleBP.upack' (chunk index -1, root 'root:/') mounted
[2022.04.01-05.17.05:454][  0]LogShaderLibrary: Display: ShaderCodeLibraryPakFileMountedCallback: pending pak file info (ChunkID:-1 Root:root:/ File:C:/Program Files/Epic Games/UE_4.27/FeaturePacks/TP_VehicleBP.upack)
[2022.04.01-05.17.05:454][  0]LogPakFile: OnPakFileMounted2Time == 0.000052
[2022.04.01-05.17.05:460][  0]LogPakFile: PakFile PrimaryIndexSize=192
[2022.04.01-05.17.05:460][  0]LogPakFile: PakFile PathHashIndexSize=101
[2022.04.01-05.17.05:460][  0]LogPakFile: PakFile FullDirectoryIndexSize=158
[2022.04.01-05.17.05:460][  0]LogShaderLibrary: Display: ShaderCodeLibraryPakFileMountedCallback: PakFile 'C:/Program Files/Epic Games/UE_4.27/FeaturePacks/TP_VirtualRealityBP.upack' (chunk index -1, root 'root:/') mounted
[2022.04.01-05.17.05:460][  0]LogShaderLibrary: Display: ShaderCodeLibraryPakFileMountedCallback: pending pak file info (ChunkID:-1 Root:root:/ File:C:/Program Files/Epic Games/UE_4.27/FeaturePacks/TP_VirtualRealityBP.upack)
[2022.04.01-05.17.05:460][  0]LogPakFile: OnPakFileMounted2Time == 0.000048
[2022.04.01-05.17.05:763][  0]LogNativeClassHierarchy: Verbose: Native class hierarchy updated for 'AddContentDialog' in 0.0003 seconds. Added 0 classes and 0 folders.
[2022.04.01-05.17.05:764][  0]LogNativeClassHierarchy: Verbose: Native class hierarchy updated for 'SceneOutliner' in 0.0002 seconds. Added 2 classes and 0 folders.
[2022.04.01-05.17.05:822][  0]LogSlate: Took 0.006286 seconds to synchronously load lazily loaded font '../../../Engine/Content/Editor/Slate/Fonts/FontAwesome.ttf' (139K)
[2022.04.01-05.17.05:823][  0]LogSlate: Took 0.000175 seconds to synchronously load lazily loaded font '../../../Engine/Content/Slate/Fonts/Roboto-Bold.ttf' (160K)
[2022.04.01-05.17.05:928][  0]LogRenderer: Reallocating scene render targets to support 696x532 Format 10 NumSamples 1 (Frame:1).
[2022.04.01-05.17.06:016][  0]LogSlate: Took 0.001056 seconds to synchronously load lazily loaded font '../../../Engine/Content/Slate/Fonts/Roboto-Light.ttf' (167K)
[2022.04.01-05.17.06:073][  0]LogNativeClassHierarchy: Verbose: Native class hierarchy updated for 'HierarchicalLODOutliner' in 0.0003 seconds. Added 0 classes and 0 folders.
[2022.04.01-05.17.06:073][  0]LogLoad: (Engine Initialization) Total time: 38.05 seconds
[2022.04.01-05.17.06:073][  0]LogLoad: (Engine Initialization) Total Blueprint compile time: 0.00 seconds
[2022.04.01-05.17.06:346][  0]LogAssetRegistry: Asset discovery search completed in 34.2673 seconds
[2022.04.01-05.17.06:358][  0]LogCollectionManager: Fixed up redirectors for 0 collections in 0.000004 seconds (updated 0 objects)
[2022.04.01-05.17.06:360][  0]LogContentStreaming: Texture pool size now 1000 MB
